[2026-04-08 12:28:05Z INFO HostContext] No proxy settings were found based on environmental variables (http_proxy/https_proxy/HTTP_PROXY/HTTPS_PROXY)
[2026-04-08 12:28:05Z INFO HostContext] Well known directory 'Bin': 'C:\Users\user\OneDrive\바탕 화면\at-dog-api\bin'
[2026-04-08 12:28:05Z INFO HostContext] Well known directory 'Root': 'C:\Users\user\OneDrive\바탕 화면\at-dog-api'
[2026-04-08 12:28:05Z INFO HostContext] Well known config file 'Credentials': 'C:\Users\user\OneDrive\바탕 화면\at-dog-api\.credentials'
[2026-04-08 12:28:05Z INFO HostContext] Well known directory 'Bin': 'C:\Users\user\OneDrive\바탕 화면\at-dog-api\bin'
[2026-04-08 12:28:05Z INFO HostContext] Well known directory 'Root': 'C:\Users\user\OneDrive\바탕 화면\at-dog-api'
[2026-04-08 12:28:05Z INFO HostContext] Well known config file 'Runner': 'C:\Users\user\OneDrive\바탕 화면\at-dog-api\.runner'
[2026-04-08 12:28:05Z INFO Listener] Runner is built for Windows (X64) - win-x64.
[2026-04-08 12:28:05Z INFO Listener] RuntimeInformation: Microsoft Windows 10.0.26200.
[2026-04-08 12:28:05Z INFO Listener] Version: 2.333.1
[2026-04-08 12:28:05Z INFO Listener] Commit: 6792966801e8925346735b68c03bf9f347af4646
[2026-04-08 12:28:05Z INFO Listener] Culture: ko-KR
[2026-04-08 12:28:05Z INFO Listener] UI Culture: ko-KR
[2026-04-08 12:28:05Z INFO HostContext] Well known directory 'Bin': 'C:\Users\user\OneDrive\바탕 화면\at-dog-api\bin'
[2026-04-08 12:28:05Z INFO HostContext] Well known directory 'Root': 'C:\Users\user\OneDrive\바탕 화면\at-dog-api'
[2026-04-08 12:28:05Z INFO Listener] Validating directory permissions for: 'C:\Users\user\OneDrive\바탕 화면\at-dog-api'
[2026-04-08 12:28:05Z INFO CommandLineParser] Parse
[2026-04-08 12:28:05Z INFO CommandLineParser] Parsing 1 args
[2026-04-08 12:28:05Z INFO CommandLineParser] parsing argument
[2026-04-08 12:28:05Z INFO CommandLineParser] HasArgs: False
[2026-04-08 12:28:05Z INFO CommandLineParser] Adding Command: run
[2026-04-08 12:28:05Z INFO Listener] Arguments parsed
[2026-04-08 12:28:05Z INFO Runner] ExecuteCommand
[2026-04-08 12:28:05Z INFO ConfigurationStore] currentAssemblyLocation: C:\Users\user\OneDrive\바탕 화면\at-dog-api\bin\Runner.Listener.dll
[2026-04-08 12:28:05Z INFO HostContext] Well known directory 'Bin': 'C:\Users\user\OneDrive\바탕 화면\at-dog-api\bin'
[2026-04-08 12:28:05Z INFO ConfigurationStore] binPath: C:\Users\user\OneDrive\바탕 화면\at-dog-api\bin
[2026-04-08 12:28:05Z INFO HostContext] Well known directory 'Bin': 'C:\Users\user\OneDrive\바탕 화면\at-dog-api\bin'
[2026-04-08 12:28:05Z INFO HostContext] Well known directory 'Root': 'C:\Users\user\OneDrive\바탕 화면\at-dog-api'
[2026-04-08 12:28:05Z INFO ConfigurationStore] RootFolder: C:\Users\user\OneDrive\바탕 화면\at-dog-api
[2026-04-08 12:28:05Z INFO HostContext] Well known directory 'Bin': 'C:\Users\user\OneDrive\바탕 화면\at-dog-api\bin'
[2026-04-08 12:28:05Z INFO HostContext] Well known directory 'Root': 'C:\Users\user\OneDrive\바탕 화면\at-dog-api'
[2026-04-08 12:28:05Z INFO HostContext] Well known config file 'Runner': 'C:\Users\user\OneDrive\바탕 화면\at-dog-api\.runner'
[2026-04-08 12:28:05Z INFO ConfigurationStore] ConfigFilePath: C:\Users\user\OneDrive\바탕 화면\at-dog-api\.runner
[2026-04-08 12:28:05Z INFO HostContext] Well known directory 'Bin': 'C:\Users\user\OneDrive\바탕 화면\at-dog-api\bin'
[2026-04-08 12:28:05Z INFO HostContext] Well known directory 'Root': 'C:\Users\user\OneDrive\바탕 화면\at-dog-api'
[2026-04-08 12:28:05Z INFO HostContext] Well known config file 'MigratedRunner': 'C:\Users\user\OneDrive\바탕 화면\at-dog-api\.runner_migrated'
[2026-04-08 12:28:05Z INFO ConfigurationStore] MigratedConfigFilePath: C:\Users\user\OneDrive\바탕 화면\at-dog-api\.runner_migrated
[2026-04-08 12:28:05Z INFO HostContext] Well known directory 'Bin': 'C:\Users\user\OneDrive\바탕 화면\at-dog-api\bin'
[2026-04-08 12:28:05Z INFO HostContext] Well known directory 'Root': 'C:\Users\user\OneDrive\바탕 화면\at-dog-api'
[2026-04-08 12:28:05Z INFO HostContext] Well known config file 'Credentials': 'C:\Users\user\OneDrive\바탕 화면\at-dog-api\.credentials'
[2026-04-08 12:28:05Z INFO ConfigurationStore] CredFilePath: C:\Users\user\OneDrive\바탕 화면\at-dog-api\.credentials
[2026-04-08 12:28:05Z INFO HostContext] Well known directory 'Bin': 'C:\Users\user\OneDrive\바탕 화면\at-dog-api\bin'
[2026-04-08 12:28:05Z INFO HostContext] Well known directory 'Root': 'C:\Users\user\OneDrive\바탕 화면\at-dog-api'
[2026-04-08 12:28:05Z INFO HostContext] Well known config file 'MigratedCredentials': 'C:\Users\user\OneDrive\바탕 화면\at-dog-api\.credentials_migrated'
[2026-04-08 12:28:05Z INFO ConfigurationStore] MigratedCredFilePath: C:\Users\user\OneDrive\바탕 화면\at-dog-api\.credentials_migrated
[2026-04-08 12:28:05Z INFO HostContext] Well known directory 'Bin': 'C:\Users\user\OneDrive\바탕 화면\at-dog-api\bin'
[2026-04-08 12:28:05Z INFO HostContext] Well known directory 'Root': 'C:\Users\user\OneDrive\바탕 화면\at-dog-api'
[2026-04-08 12:28:05Z INFO HostContext] Well known config file 'Service': 'C:\Users\user\OneDrive\바탕 화면\at-dog-api\.service'
[2026-04-08 12:28:05Z INFO ConfigurationStore] ServiceConfigFilePath: C:\Users\user\OneDrive\바탕 화면\at-dog-api\.service
[2026-04-08 12:28:05Z INFO CommandSettings] Flag 'help': 'False'
[2026-04-08 12:28:05Z INFO CommandSettings] Flag 'version': 'False'
[2026-04-08 12:28:05Z INFO CommandSettings] Flag 'commit': 'False'
[2026-04-08 12:28:05Z INFO CommandSettings] Flag 'check': 'False'
[2026-04-08 12:28:05Z INFO CommandSettings] Command 'configure': 'False'
[2026-04-08 12:28:05Z INFO CommandSettings] Command 'remove': 'False'
[2026-04-08 12:28:05Z INFO CommandSettings] Command 'warmup': 'False'
[2026-04-08 12:28:05Z INFO ConfigurationManager] LoadSettings
[2026-04-08 12:28:05Z INFO ConfigurationStore] IsConfigured()
[2026-04-08 12:28:05Z INFO ConfigurationStore] IsConfigured: True
[2026-04-08 12:28:05Z INFO ConfigurationManager] Is configured: True
[2026-04-08 12:28:05Z INFO ConfigurationStore] Read setting file: 397 chars
[2026-04-08 12:28:05Z INFO ConfigurationManager] Settings Loaded
[2026-04-08 12:28:05Z INFO ConfigurationStore] IsServiceConfigured()
[2026-04-08 12:28:05Z INFO ConfigurationStore] IsServiceConfigured: False
[2026-04-08 12:28:05Z INFO CommandSettings] Command 'run': 'True'
[2026-04-08 12:28:05Z INFO ConfigurationStore] IsConfigured()
[2026-04-08 12:28:05Z INFO ConfigurationStore] IsConfigured: True
[2026-04-08 12:28:05Z INFO ConfigurationManager] Is configured: True
[2026-04-08 12:28:05Z INFO Runner] Could not parse the argument value '' for StartupType. Defaulting to Manual
[2026-04-08 12:28:05Z INFO Runner] Set runner startup type - Manual
[2026-04-08 12:28:05Z INFO CommandSettings] Flag 'once': 'False'
[2026-04-08 12:28:05Z INFO CommandSettings] Flag 'once': 'False'
[2026-04-08 12:28:05Z INFO Runner] RunAsync
[2026-04-08 12:28:05Z INFO HostContext] Well known directory 'Bin': 'C:\Users\user\OneDrive\바탕 화면\at-dog-api\bin'
[2026-04-08 12:28:05Z INFO HostContext] Well known directory 'Root': 'C:\Users\user\OneDrive\바탕 화면\at-dog-api'
[2026-04-08 12:28:05Z INFO HostContext] Well known directory 'Work': 'C:\Users\user\OneDrive\바탕 화면\at-dog-api\_work'
[2026-04-08 12:28:05Z INFO Runner] Validating directory permissions for: 'C:\Users\user\OneDrive\바탕 화면\at-dog-api\_work'
[2026-04-08 12:28:05Z INFO ConfigurationManager] LoadMigratedSettings
[2026-04-08 12:28:05Z INFO ConfigurationStore] IsMigratedConfigured()
[2026-04-08 12:28:05Z INFO ConfigurationStore] IsMigratedConfigured: False
[2026-04-08 12:28:05Z INFO Runner] Failed to load migrated settings: No migrated configuration found.
[2026-04-08 12:28:05Z INFO Runner] Falling back to original .runner settings
[2026-04-08 12:28:05Z INFO Runner] Using BrokerMessageListener
[2026-04-08 12:28:05Z INFO BrokerMessageListener] Using provided settings
[2026-04-08 12:28:05Z INFO BrokerMessageListener] {
  "AgentId": 2,
  "AgentName": "LAPTOP-SJ400PL1",
  "PoolId": 1,
  "PoolName": "Default",
  "ServerUrl": "https://pipelinesghubeus9.actions.githubusercontent.com/4QrcZW2En99OzkcTgjHbQvo352svWXdHMnqye4e68iZHWjXJXJ/",
  "GitHubUrl": "https://github.com/sy110345-crypto/hw1",
  "WorkFolder": "_work",
  "UseV2Flow": true,
  "ServerUrlV2": "https://broker.actions.githubusercontent.com/"
}
[2026-04-08 12:28:05Z INFO BrokerMessageListener] Loading Credentials
[2026-04-08 12:28:05Z INFO ConfigurationStore] HasCredentials()
[2026-04-08 12:28:05Z INFO ConfigurationStore] stored True
[2026-04-08 12:28:05Z INFO CredentialManager] GetCredentialProvider
[2026-04-08 12:28:05Z INFO CredentialManager] Creating type OAuth
[2026-04-08 12:28:05Z INFO CredentialManager] Creating credential type: OAuth
[2026-04-08 12:28:05Z INFO HostContext] Well known directory 'Bin': 'C:\Users\user\OneDrive\바탕 화면\at-dog-api\bin'
[2026-04-08 12:28:05Z INFO HostContext] Well known directory 'Root': 'C:\Users\user\OneDrive\바탕 화면\at-dog-api'
[2026-04-08 12:28:05Z INFO HostContext] Well known config file 'RSACredentials': 'C:\Users\user\OneDrive\바탕 화면\at-dog-api\.credentials_rsaparams'
[2026-04-08 12:28:05Z INFO RSAEncryptedFileKeyManager] Loading RSA key parameters from file C:\Users\user\OneDrive\바탕 화면\at-dog-api\.credentials_rsaparams
[2026-04-08 12:28:05Z INFO BrokerMessageListener] Attempt to create session.
[2026-04-08 12:28:05Z INFO BrokerMessageListener] Connecting to the Broker Server...
[2026-04-08 12:28:05Z INFO ConfigurationStore] HasCredentials()
[2026-04-08 12:28:05Z INFO ConfigurationStore] stored True
[2026-04-08 12:28:05Z INFO CredentialManager] GetCredentialProvider
[2026-04-08 12:28:05Z INFO CredentialManager] Creating type OAuth
[2026-04-08 12:28:05Z INFO CredentialManager] Creating credential type: OAuth
[2026-04-08 12:28:05Z INFO RSAEncryptedFileKeyManager] Loading RSA key parameters from file C:\Users\user\OneDrive\바탕 화면\at-dog-api\.credentials_rsaparams
[2026-04-08 12:28:05Z INFO BrokerMessageListener] VssConnection created
[2026-04-08 12:28:05Z INFO BrokerMessageListener] Connecting to the Runner server...
[2026-04-08 12:28:05Z INFO RunnerServer] EstablishVssConnection
[2026-04-08 12:28:05Z INFO RunnerServer] Establish connection with 100 seconds timeout.
[2026-04-08 12:28:05Z INFO GitHubActionsService] Starting operation Location.GetConnectionData
[2026-04-08 12:28:05Z INFO RunnerServer] EstablishVssConnection
[2026-04-08 12:28:05Z INFO RunnerServer] Establish connection with 60 seconds timeout.
[2026-04-08 12:28:05Z INFO GitHubActionsService] Starting operation Location.GetConnectionData
[2026-04-08 12:28:05Z INFO RunnerServer] EstablishVssConnection
[2026-04-08 12:28:05Z INFO RunnerServer] Establish connection with 60 seconds timeout.
[2026-04-08 12:28:05Z INFO GitHubActionsService] Starting operation Location.GetConnectionData
[2026-04-08 12:28:06Z INFO GitHubActionsService] Finished operation Location.GetConnectionData
[2026-04-08 12:28:06Z INFO GitHubActionsService] Finished operation Location.GetConnectionData
[2026-04-08 12:28:06Z INFO GitHubActionsService] Finished operation Location.GetConnectionData
[2026-04-08 12:28:06Z INFO BrokerMessageListener] VssConnection created
[2026-04-08 12:28:06Z INFO Terminal] WRITE LINE: 
[2026-04-08 12:28:06Z INFO Terminal] WRITE LINE: 
[2026-04-08 12:28:06Z INFO RSAEncryptedFileKeyManager] Loading RSA key parameters from file C:\Users\user\OneDrive\바탕 화면\at-dog-api\.credentials_rsaparams
[2026-04-08 12:28:06Z INFO RSAEncryptedFileKeyManager] Loading RSA key parameters from file C:\Users\user\OneDrive\바탕 화면\at-dog-api\.credentials_rsaparams
[2026-04-08 12:28:07Z INFO GitHubActionsService] AAD Correlation ID for this token request: Unknown
[2026-04-08 12:28:08Z INFO BrokerMessageListener] Session created.
[2026-04-08 12:28:08Z INFO Terminal] WRITE LINE: Current runner version: '2.333.1'
[2026-04-08 12:28:08Z INFO Terminal] WRITE LINE: 2026-04-08 12:28:08Z: Listening for Jobs
[2026-04-08 12:28:08Z INFO JobDispatcher] Set runner/worker IPC timeout to 30 seconds.
