[2026-04-08 13:01:48Z INFO HostContext] No proxy settings were found based on environmental variables (http_proxy/https_proxy/HTTP_PROXY/HTTPS_PROXY)
[2026-04-08 13:01:48Z INFO HostContext] Well known directory 'Bin': 'C:\Users\user\OneDrive\바탕 화면\at-dog-api\bin'
[2026-04-08 13:01:48Z INFO HostContext] Well known directory 'Root': 'C:\Users\user\OneDrive\바탕 화면\at-dog-api'
[2026-04-08 13:01:48Z INFO HostContext] Well known config file 'Credentials': 'C:\Users\user\OneDrive\바탕 화면\at-dog-api\.credentials'
[2026-04-08 13:01:48Z INFO HostContext] Well known directory 'Bin': 'C:\Users\user\OneDrive\바탕 화면\at-dog-api\bin'
[2026-04-08 13:01:48Z INFO HostContext] Well known directory 'Root': 'C:\Users\user\OneDrive\바탕 화면\at-dog-api'
[2026-04-08 13:01:48Z INFO HostContext] Well known config file 'Runner': 'C:\Users\user\OneDrive\바탕 화면\at-dog-api\.runner'
[2026-04-08 13:01:48Z INFO Listener] Runner is built for Windows (X64) - win-x64.
[2026-04-08 13:01:48Z INFO Listener] RuntimeInformation: Microsoft Windows 10.0.26200.
[2026-04-08 13:01:48Z INFO Listener] Version: 2.333.1
[2026-04-08 13:01:48Z INFO Listener] Commit: 6792966801e8925346735b68c03bf9f347af4646
[2026-04-08 13:01:48Z INFO Listener] Culture: ko-KR
[2026-04-08 13:01:48Z INFO Listener] UI Culture: ko-KR
[2026-04-08 13:01:48Z INFO HostContext] Well known directory 'Bin': 'C:\Users\user\OneDrive\바탕 화면\at-dog-api\bin'
[2026-04-08 13:01:48Z INFO HostContext] Well known directory 'Root': 'C:\Users\user\OneDrive\바탕 화면\at-dog-api'
[2026-04-08 13:01:48Z INFO Listener] Validating directory permissions for: 'C:\Users\user\OneDrive\바탕 화면\at-dog-api'
[2026-04-08 13:01:48Z INFO CommandLineParser] Parse
[2026-04-08 13:01:48Z INFO CommandLineParser] Parsing 1 args
[2026-04-08 13:01:48Z INFO CommandLineParser] parsing argument
[2026-04-08 13:01:48Z INFO CommandLineParser] HasArgs: False
[2026-04-08 13:01:48Z INFO CommandLineParser] Adding Command: run
[2026-04-08 13:01:48Z INFO Listener] Arguments parsed
[2026-04-08 13:01:48Z INFO Runner] ExecuteCommand
[2026-04-08 13:01:48Z INFO ConfigurationStore] currentAssemblyLocation: C:\Users\user\OneDrive\바탕 화면\at-dog-api\bin\Runner.Listener.dll
[2026-04-08 13:01:48Z INFO HostContext] Well known directory 'Bin': 'C:\Users\user\OneDrive\바탕 화면\at-dog-api\bin'
[2026-04-08 13:01:48Z INFO ConfigurationStore] binPath: C:\Users\user\OneDrive\바탕 화면\at-dog-api\bin
[2026-04-08 13:01:48Z INFO HostContext] Well known directory 'Bin': 'C:\Users\user\OneDrive\바탕 화면\at-dog-api\bin'
[2026-04-08 13:01:48Z INFO HostContext] Well known directory 'Root': 'C:\Users\user\OneDrive\바탕 화면\at-dog-api'
[2026-04-08 13:01:48Z INFO ConfigurationStore] RootFolder: C:\Users\user\OneDrive\바탕 화면\at-dog-api
[2026-04-08 13:01:48Z INFO HostContext] Well known directory 'Bin': 'C:\Users\user\OneDrive\바탕 화면\at-dog-api\bin'
[2026-04-08 13:01:48Z INFO HostContext] Well known directory 'Root': 'C:\Users\user\OneDrive\바탕 화면\at-dog-api'
[2026-04-08 13:01:48Z INFO HostContext] Well known config file 'Runner': 'C:\Users\user\OneDrive\바탕 화면\at-dog-api\.runner'
[2026-04-08 13:01:48Z INFO ConfigurationStore] ConfigFilePath: C:\Users\user\OneDrive\바탕 화면\at-dog-api\.runner
[2026-04-08 13:01:48Z INFO HostContext] Well known directory 'Bin': 'C:\Users\user\OneDrive\바탕 화면\at-dog-api\bin'
[2026-04-08 13:01:48Z INFO HostContext] Well known directory 'Root': 'C:\Users\user\OneDrive\바탕 화면\at-dog-api'
[2026-04-08 13:01:48Z INFO HostContext] Well known config file 'MigratedRunner': 'C:\Users\user\OneDrive\바탕 화면\at-dog-api\.runner_migrated'
[2026-04-08 13:01:48Z INFO ConfigurationStore] MigratedConfigFilePath: C:\Users\user\OneDrive\바탕 화면\at-dog-api\.runner_migrated
[2026-04-08 13:01:48Z INFO HostContext] Well known directory 'Bin': 'C:\Users\user\OneDrive\바탕 화면\at-dog-api\bin'
[2026-04-08 13:01:48Z INFO HostContext] Well known directory 'Root': 'C:\Users\user\OneDrive\바탕 화면\at-dog-api'
[2026-04-08 13:01:48Z INFO HostContext] Well known config file 'Credentials': 'C:\Users\user\OneDrive\바탕 화면\at-dog-api\.credentials'
[2026-04-08 13:01:48Z INFO ConfigurationStore] CredFilePath: C:\Users\user\OneDrive\바탕 화면\at-dog-api\.credentials
[2026-04-08 13:01:48Z INFO HostContext] Well known directory 'Bin': 'C:\Users\user\OneDrive\바탕 화면\at-dog-api\bin'
[2026-04-08 13:01:48Z INFO HostContext] Well known directory 'Root': 'C:\Users\user\OneDrive\바탕 화면\at-dog-api'
[2026-04-08 13:01:48Z INFO HostContext] Well known config file 'MigratedCredentials': 'C:\Users\user\OneDrive\바탕 화면\at-dog-api\.credentials_migrated'
[2026-04-08 13:01:48Z INFO ConfigurationStore] MigratedCredFilePath: C:\Users\user\OneDrive\바탕 화면\at-dog-api\.credentials_migrated
[2026-04-08 13:01:48Z INFO HostContext] Well known directory 'Bin': 'C:\Users\user\OneDrive\바탕 화면\at-dog-api\bin'
[2026-04-08 13:01:48Z INFO HostContext] Well known directory 'Root': 'C:\Users\user\OneDrive\바탕 화면\at-dog-api'
[2026-04-08 13:01:48Z INFO HostContext] Well known config file 'Service': 'C:\Users\user\OneDrive\바탕 화면\at-dog-api\.service'
[2026-04-08 13:01:48Z INFO ConfigurationStore] ServiceConfigFilePath: C:\Users\user\OneDrive\바탕 화면\at-dog-api\.service
[2026-04-08 13:01:48Z INFO CommandSettings] Flag 'help': 'False'
[2026-04-08 13:01:48Z INFO CommandSettings] Flag 'version': 'False'
[2026-04-08 13:01:48Z INFO CommandSettings] Flag 'commit': 'False'
[2026-04-08 13:01:48Z INFO CommandSettings] Flag 'check': 'False'
[2026-04-08 13:01:48Z INFO CommandSettings] Command 'configure': 'False'
[2026-04-08 13:01:48Z INFO CommandSettings] Command 'remove': 'False'
[2026-04-08 13:01:48Z INFO CommandSettings] Command 'warmup': 'False'
[2026-04-08 13:01:48Z INFO ConfigurationManager] LoadSettings
[2026-04-08 13:01:48Z INFO ConfigurationStore] IsConfigured()
[2026-04-08 13:01:48Z INFO ConfigurationStore] IsConfigured: True
[2026-04-08 13:01:48Z INFO ConfigurationManager] Is configured: True
[2026-04-08 13:01:48Z INFO ConfigurationStore] Read setting file: 397 chars
[2026-04-08 13:01:48Z INFO ConfigurationManager] Settings Loaded
[2026-04-08 13:01:48Z INFO ConfigurationStore] IsServiceConfigured()
[2026-04-08 13:01:48Z INFO ConfigurationStore] IsServiceConfigured: False
[2026-04-08 13:01:48Z INFO CommandSettings] Command 'run': 'True'
[2026-04-08 13:01:48Z INFO ConfigurationStore] IsConfigured()
[2026-04-08 13:01:48Z INFO ConfigurationStore] IsConfigured: True
[2026-04-08 13:01:48Z INFO ConfigurationManager] Is configured: True
[2026-04-08 13:01:48Z INFO Runner] Could not parse the argument value '' for StartupType. Defaulting to Manual
[2026-04-08 13:01:48Z INFO Runner] Set runner startup type - Manual
[2026-04-08 13:01:48Z INFO CommandSettings] Flag 'once': 'False'
[2026-04-08 13:01:48Z INFO CommandSettings] Flag 'once': 'False'
[2026-04-08 13:01:48Z INFO Runner] RunAsync
[2026-04-08 13:01:48Z INFO HostContext] Well known directory 'Bin': 'C:\Users\user\OneDrive\바탕 화면\at-dog-api\bin'
[2026-04-08 13:01:48Z INFO HostContext] Well known directory 'Root': 'C:\Users\user\OneDrive\바탕 화면\at-dog-api'
[2026-04-08 13:01:48Z INFO HostContext] Well known directory 'Work': 'C:\Users\user\OneDrive\바탕 화면\at-dog-api\_work'
[2026-04-08 13:01:48Z INFO Runner] Validating directory permissions for: 'C:\Users\user\OneDrive\바탕 화면\at-dog-api\_work'
[2026-04-08 13:01:48Z INFO ConfigurationManager] LoadMigratedSettings
[2026-04-08 13:01:48Z INFO ConfigurationStore] IsMigratedConfigured()
[2026-04-08 13:01:48Z INFO ConfigurationStore] IsMigratedConfigured: False
[2026-04-08 13:01:48Z INFO Runner] Failed to load migrated settings: No migrated configuration found.
[2026-04-08 13:01:48Z INFO Runner] Falling back to original .runner settings
[2026-04-08 13:01:48Z INFO Runner] Using BrokerMessageListener
[2026-04-08 13:01:48Z INFO BrokerMessageListener] Using provided settings
[2026-04-08 13:01:48Z INFO BrokerMessageListener] {
  "AgentId": 2,
  "AgentName": "LAPTOP-SJ400PL1",
  "PoolId": 1,
  "PoolName": "Default",
  "ServerUrl": "https://pipelinesghubeus9.actions.githubusercontent.com/4QrcZW2En99OzkcTgjHbQvo352svWXdHMnqye4e68iZHWjXJXJ/",
  "GitHubUrl": "https://github.com/sy110345-crypto/hw1",
  "WorkFolder": "_work",
  "UseV2Flow": true,
  "ServerUrlV2": "https://broker.actions.githubusercontent.com/"
}
[2026-04-08 13:01:48Z INFO BrokerMessageListener] Loading Credentials
[2026-04-08 13:01:48Z INFO ConfigurationStore] HasCredentials()
[2026-04-08 13:01:48Z INFO ConfigurationStore] stored True
[2026-04-08 13:01:48Z INFO CredentialManager] GetCredentialProvider
[2026-04-08 13:01:48Z INFO CredentialManager] Creating type OAuth
[2026-04-08 13:01:48Z INFO CredentialManager] Creating credential type: OAuth
[2026-04-08 13:01:48Z INFO HostContext] Well known directory 'Bin': 'C:\Users\user\OneDrive\바탕 화면\at-dog-api\bin'
[2026-04-08 13:01:48Z INFO HostContext] Well known directory 'Root': 'C:\Users\user\OneDrive\바탕 화면\at-dog-api'
[2026-04-08 13:01:48Z INFO HostContext] Well known config file 'RSACredentials': 'C:\Users\user\OneDrive\바탕 화면\at-dog-api\.credentials_rsaparams'
[2026-04-08 13:01:48Z INFO RSAEncryptedFileKeyManager] Loading RSA key parameters from file C:\Users\user\OneDrive\바탕 화면\at-dog-api\.credentials_rsaparams
[2026-04-08 13:01:48Z INFO BrokerMessageListener] Attempt to create session.
[2026-04-08 13:01:48Z INFO BrokerMessageListener] Connecting to the Broker Server...
[2026-04-08 13:01:48Z INFO ConfigurationStore] HasCredentials()
[2026-04-08 13:01:48Z INFO ConfigurationStore] stored True
[2026-04-08 13:01:48Z INFO CredentialManager] GetCredentialProvider
[2026-04-08 13:01:48Z INFO CredentialManager] Creating type OAuth
[2026-04-08 13:01:48Z INFO CredentialManager] Creating credential type: OAuth
[2026-04-08 13:01:48Z INFO RSAEncryptedFileKeyManager] Loading RSA key parameters from file C:\Users\user\OneDrive\바탕 화면\at-dog-api\.credentials_rsaparams
[2026-04-08 13:01:48Z INFO BrokerMessageListener] VssConnection created
[2026-04-08 13:01:48Z INFO BrokerMessageListener] Connecting to the Runner server...
[2026-04-08 13:01:48Z INFO RunnerServer] EstablishVssConnection
[2026-04-08 13:01:48Z INFO RunnerServer] Establish connection with 100 seconds timeout.
[2026-04-08 13:01:48Z INFO GitHubActionsService] Starting operation Location.GetConnectionData
[2026-04-08 13:01:48Z INFO RunnerServer] EstablishVssConnection
[2026-04-08 13:01:48Z INFO RunnerServer] Establish connection with 60 seconds timeout.
[2026-04-08 13:01:48Z INFO GitHubActionsService] Starting operation Location.GetConnectionData
[2026-04-08 13:01:48Z INFO RunnerServer] EstablishVssConnection
[2026-04-08 13:01:48Z INFO RunnerServer] Establish connection with 60 seconds timeout.
[2026-04-08 13:01:48Z INFO GitHubActionsService] Starting operation Location.GetConnectionData
[2026-04-08 13:01:50Z INFO GitHubActionsService] Finished operation Location.GetConnectionData
[2026-04-08 13:01:50Z INFO GitHubActionsService] Finished operation Location.GetConnectionData
[2026-04-08 13:01:50Z INFO GitHubActionsService] Finished operation Location.GetConnectionData
[2026-04-08 13:01:50Z INFO BrokerMessageListener] VssConnection created
[2026-04-08 13:01:50Z INFO Terminal] WRITE LINE: 
[2026-04-08 13:01:50Z INFO Terminal] WRITE LINE: 
[2026-04-08 13:01:50Z INFO RSAEncryptedFileKeyManager] Loading RSA key parameters from file C:\Users\user\OneDrive\바탕 화면\at-dog-api\.credentials_rsaparams
[2026-04-08 13:01:50Z INFO RSAEncryptedFileKeyManager] Loading RSA key parameters from file C:\Users\user\OneDrive\바탕 화면\at-dog-api\.credentials_rsaparams
[2026-04-08 13:01:52Z INFO GitHubActionsService] AAD Correlation ID for this token request: Unknown
[2026-04-08 13:01:53Z INFO BrokerMessageListener] Session created.
[2026-04-08 13:01:53Z INFO Terminal] WRITE LINE: Current runner version: '2.333.1'
[2026-04-08 13:01:53Z INFO Terminal] WRITE LINE: 2026-04-08 13:01:53Z: Listening for Jobs
[2026-04-08 13:01:53Z INFO JobDispatcher] Set runner/worker IPC timeout to 30 seconds.
[2026-04-08 13:02:01Z INFO BrokerMessageListener] Acknowledging runner request '1b1602b5-5f3a-582c-9148-6905750d079d'.
[2026-04-08 13:02:02Z INFO ConfigurationStore] HasCredentials()
[2026-04-08 13:02:02Z INFO ConfigurationStore] stored True
[2026-04-08 13:02:02Z INFO CredentialManager] GetCredentialProvider
[2026-04-08 13:02:02Z INFO CredentialManager] Creating type OAuth
[2026-04-08 13:02:02Z INFO CredentialManager] Creating credential type: OAuth
[2026-04-08 13:02:02Z INFO RSAEncryptedFileKeyManager] Loading RSA key parameters from file C:\Users\user\OneDrive\바탕 화면\at-dog-api\.credentials_rsaparams
[2026-04-08 13:02:02Z INFO RSAEncryptedFileKeyManager] Loading RSA key parameters from file C:\Users\user\OneDrive\바탕 화면\at-dog-api\.credentials_rsaparams
[2026-04-08 13:02:02Z INFO RSAEncryptedFileKeyManager] Loading RSA key parameters from file C:\Users\user\OneDrive\바탕 화면\at-dog-api\.credentials_rsaparams
[2026-04-08 13:02:03Z INFO GitHubActionsService] AAD Correlation ID for this token request: Unknown
[2026-04-08 13:02:05Z INFO JobDispatcher] Job request 0 for plan 7bbed429-53f5-41d7-8033-cab9c45f183a job 1b1602b5-5f3a-582c-9148-6905750d079d received.
[2026-04-08 13:02:05Z INFO JobDispatcher] Pull OrchestrationId 7bbed429-53f5-41d7-8033-cab9c45f183a.deploy.__default from JWT claims
[2026-04-08 13:02:05Z INFO BrokerMessageListener] Received job status event. JobState: Busy
[2026-04-08 13:02:05Z INFO BrokerMessageListener] _getMessagesTokenSource is already disposed.
[2026-04-08 13:02:05Z INFO Terminal] WRITE LINE: 2026-04-08 13:02:05Z: Running job: deploy
[2026-04-08 13:02:05Z INFO JobDispatcher] Start renew job request 0 for job 1b1602b5-5f3a-582c-9148-6905750d079d.
[2026-04-08 13:02:06Z INFO JobDispatcher] Successfully renew job 1b1602b5-5f3a-582c-9148-6905750d079d, job is valid till 2026-04-08 오후 1:12:05
[2026-04-08 13:02:06Z INFO HostContext] Well known directory 'Bin': 'C:\Users\user\OneDrive\바탕 화면\at-dog-api\bin'
[2026-04-08 13:02:06Z INFO ProcessInvokerWrapper] Starting process:
[2026-04-08 13:02:06Z INFO ProcessInvokerWrapper]   File name: 'C:\Users\user\OneDrive\바탕 화면\at-dog-api\bin\Runner.Worker.exe'
[2026-04-08 13:02:06Z INFO ProcessInvokerWrapper]   Arguments: 'spawnclient 2240 2252'
[2026-04-08 13:02:06Z INFO ProcessInvokerWrapper]   Working directory: 'C:\Users\user\OneDrive\바탕 화면\at-dog-api\bin'
[2026-04-08 13:02:06Z INFO ProcessInvokerWrapper]   Require exit code zero: 'False'
[2026-04-08 13:02:06Z INFO ProcessInvokerWrapper]   Encoding web name:  ; code page: ''
[2026-04-08 13:02:06Z INFO ProcessInvokerWrapper]   Force kill process on cancellation: 'True'
[2026-04-08 13:02:06Z INFO ProcessInvokerWrapper]   Redirected STDIN: 'False'
[2026-04-08 13:02:06Z INFO ProcessInvokerWrapper]   Persist current code page: 'False'
[2026-04-08 13:02:06Z INFO ProcessInvokerWrapper]   Keep redirected STDIN open: 'False'
[2026-04-08 13:02:06Z INFO ProcessInvokerWrapper]   High priority process: 'True'
[2026-04-08 13:02:06Z INFO ProcessInvokerWrapper] Process started with process id 22968, waiting for process exit.
[2026-04-08 13:02:06Z INFO JobDispatcher] Send job request message to worker for job 1b1602b5-5f3a-582c-9148-6905750d079d.
[2026-04-08 13:02:06Z INFO ProcessChannel] Sending message of length 21106, with hash '1622db4bb82cdc8eb2dfce0fcc84691a8159ef84dd489ea1df1696e4d24b746e'
[2026-04-08 13:02:06Z INFO JobNotification] Entering JobStarted Notification
[2026-04-08 13:02:06Z INFO JobNotification] Entering StartMonitor
[2026-04-08 13:02:30Z INFO ProcessInvokerWrapper] STDOUT/STDERR stream read finished.
[2026-04-08 13:02:30Z INFO ProcessInvokerWrapper] STDOUT/STDERR stream read finished.
[2026-04-08 13:02:30Z INFO ProcessInvokerWrapper] Finished process 22968 with exit code 102, and elapsed time 00:00:24.5555709.
[2026-04-08 13:02:30Z INFO JobDispatcher] Worker finished for job 1b1602b5-5f3a-582c-9148-6905750d079d. Code: 102
[2026-04-08 13:02:30Z INFO JobDispatcher] finish job request for job 1b1602b5-5f3a-582c-9148-6905750d079d with result: Failed
[2026-04-08 13:02:30Z INFO Terminal] WRITE LINE: 2026-04-08 13:02:30Z: Job deploy completed with result: Failed
[2026-04-08 13:02:30Z INFO JobDispatcher] Stop renew job request for job 1b1602b5-5f3a-582c-9148-6905750d079d.
[2026-04-08 13:02:30Z INFO JobDispatcher] job renew has been cancelled, stop renew job 1b1602b5-5f3a-582c-9148-6905750d079d.
[2026-04-08 13:02:30Z INFO JobNotification] Entering JobCompleted Notification
[2026-04-08 13:02:30Z INFO JobNotification] Entering EndMonitor
[2026-04-08 13:02:30Z INFO BrokerMessageListener] Received job status event. JobState: Online
[2026-04-08 13:02:30Z WARN GitHubActionsService] GET request to https://broker.actions.githubusercontent.com/message?sessionId=dbf36343-2ea6-4240-bbd0-4e0378508961&status=Busy&runnerVersion=2.333.1&os=Windows&architecture=X64&disableUpdate=false has been cancelled.
[2026-04-08 13:02:30Z ERR  BrokerServer] Catch exception during request
[2026-04-08 13:02:30Z ERR  BrokerServer] System.Threading.Tasks.TaskCanceledException: The operation was canceled.
 ---> System.Threading.Tasks.TaskCanceledException: The operation was canceled.
 ---> System.IO.IOException: Unable to read data from the transport connection: 스레드 종료 또는 응용 프로그램 요청 때문에 I/O 작업이 취소되었습니다..
 ---> System.Net.Sockets.SocketException (995): 스레드 종료 또는 응용 프로그램 요청 때문에 I/O 작업이 취소되었습니다.
   --- End of inner exception stack trace ---
   at System.Net.Sockets.Socket.AwaitableSocketAsyncEventArgs.ThrowException(SocketError error, CancellationToken cancellationToken)
   at System.Net.Sockets.Socket.AwaitableSocketAsyncEventArgs.System.Threading.Tasks.Sources.IValueTaskSource<System.Int32>.GetResult(Int16 token)
   at System.Net.Security.SslStream.EnsureFullTlsFrameAsync[TIOAdapter](CancellationToken cancellationToken, Int32 estimatedSize)
   at System.Runtime.CompilerServices.PoolingAsyncValueTaskMethodBuilder`1.StateMachineBox`1.System.Threading.Tasks.Sources.IValueTaskSource<TResult>.GetResult(Int16 token)
   at System.Net.Security.SslStream.ReadAsyncInternal[TIOAdapter](Memory`1 buffer, CancellationToken cancellationToken)
   at System.Runtime.CompilerServices.PoolingAsyncValueTaskMethodBuilder`1.StateMachineBox`1.System.Threading.Tasks.Sources.IValueTaskSource<TResult>.GetResult(Int16 token)
   at System.Net.Http.HttpConnection.SendAsync(HttpRequestMessage request, Boolean async, CancellationToken cancellationToken)
   --- End of inner exception stack trace ---
   at System.Net.Http.HttpConnection.SendAsync(HttpRequestMessage request, Boolean async, CancellationToken cancellationToken)
   at System.Net.Http.AuthenticationHelper.SendWithNtAuthAsync(HttpRequestMessage request, Uri authUri, Boolean async, ICredentials credentials, Boolean isProxyAuth, HttpConnection connection, HttpConnectionPool connectionPool, CancellationToken cancellationToken)
   at System.Net.Http.HttpConnectionPool.SendWithVersionDetectionAndRetryAsync(HttpRequestMessage request, Boolean async, Boolean doRequestAuth, CancellationToken cancellationToken)
   at System.Net.Http.AuthenticationHelper.SendWithAuthAsync(HttpRequestMessage request, Uri authUri, Boolean async, ICredentials credentials, Boolean preAuthenticate, Boolean isProxyAuth, Boolean doRequestAuth, HttpConnectionPool pool, CancellationToken cancellationToken)
   at System.Net.Http.RedirectHandler.SendAsync(HttpRequestMessage request, Boolean async, CancellationToken cancellationToken)
   at GitHub.Services.Common.RawHttpMessageHandler.SendAsync(HttpRequestMessage request, CancellationToken cancellationToken)
   at GitHub.Services.Common.VssHttpRetryMessageHandler.SendAsync(HttpRequestMessage request, CancellationToken cancellationToken)
   at System.Net.Http.HttpClient.<SendAsync>g__Core|83_0(HttpRequestMessage request, HttpCompletionOption completionOption, CancellationTokenSource cts, Boolean disposeCts, CancellationTokenSource pendingRequestsCts, CancellationToken originalCancellationToken)
   --- End of inner exception stack trace ---
   at System.Net.Http.HttpClient.HandleFailure(Exception e, Boolean telemetryStarted, HttpResponseMessage response, CancellationTokenSource cts, CancellationToken cancellationToken, CancellationTokenSource pendingRequestsCts)
   at System.Net.Http.HttpClient.<SendAsync>g__Core|83_0(HttpRequestMessage request, HttpCompletionOption completionOption, CancellationTokenSource cts, Boolean disposeCts, CancellationTokenSource pendingRequestsCts, CancellationToken originalCancellationToken)
   at Sdk.WebApi.WebApi.RawHttpClientBase.SendAsync(HttpRequestMessage message, HttpCompletionOption completionOption, Object userState, CancellationToken cancellationToken)
   at Sdk.WebApi.WebApi.RawHttpClientBase.SendAsync[T](HttpRequestMessage message, Boolean readErrorBody, Object userState, CancellationToken cancellationToken)
   at Sdk.WebApi.WebApi.RawHttpClientBase.SendAsync[T](HttpMethod method, IEnumerable`1 additionalHeaders, Uri requestUri, HttpContent content, IEnumerable`1 queryParameters, Boolean readErrorBody, Object userState, CancellationToken cancellationToken)
   at GitHub.Actions.RunService.WebApi.BrokerHttpClient.GetRunnerMessageAsync(Nullable`1 sessionId, String runnerVersion, Nullable`1 status, String os, String architecture, Nullable`1 disableUpdate, CancellationToken cancellationToken)
   at GitHub.Runner.Common.BrokerServer.<>c__DisplayClass7_0.<<GetRunnerMessageAsync>b__0>d.MoveNext()
--- End of stack trace from previous location ---
   at GitHub.Runner.Common.RunnerService.RetryRequest[T](Func`1 func, CancellationToken cancellationToken, Int32 maxAttempts, Func`2 shouldRetry)
[2026-04-08 13:02:30Z ERR  BrokerServer] #####################################################
[2026-04-08 13:02:30Z ERR  BrokerServer] System.Threading.Tasks.TaskCanceledException: The operation was canceled.
 ---> System.IO.IOException: Unable to read data from the transport connection: 스레드 종료 또는 응용 프로그램 요청 때문에 I/O 작업이 취소되었습니다..
 ---> System.Net.Sockets.SocketException (995): 스레드 종료 또는 응용 프로그램 요청 때문에 I/O 작업이 취소되었습니다.
   --- End of inner exception stack trace ---
   at System.Net.Sockets.Socket.AwaitableSocketAsyncEventArgs.ThrowException(SocketError error, CancellationToken cancellationToken)
   at System.Net.Sockets.Socket.AwaitableSocketAsyncEventArgs.System.Threading.Tasks.Sources.IValueTaskSource<System.Int32>.GetResult(Int16 token)
   at System.Net.Security.SslStream.EnsureFullTlsFrameAsync[TIOAdapter](CancellationToken cancellationToken, Int32 estimatedSize)
   at System.Runtime.CompilerServices.PoolingAsyncValueTaskMethodBuilder`1.StateMachineBox`1.System.Threading.Tasks.Sources.IValueTaskSource<TResult>.GetResult(Int16 token)
   at System.Net.Security.SslStream.ReadAsyncInternal[TIOAdapter](Memory`1 buffer, CancellationToken cancellationToken)
   at System.Runtime.CompilerServices.PoolingAsyncValueTaskMethodBuilder`1.StateMachineBox`1.System.Threading.Tasks.Sources.IValueTaskSource<TResult>.GetResult(Int16 token)
   at System.Net.Http.HttpConnection.SendAsync(HttpRequestMessage request, Boolean async, CancellationToken cancellationToken)
   --- End of inner exception stack trace ---
   at System.Net.Http.HttpConnection.SendAsync(HttpRequestMessage request, Boolean async, CancellationToken cancellationToken)
   at System.Net.Http.AuthenticationHelper.SendWithNtAuthAsync(HttpRequestMessage request, Uri authUri, Boolean async, ICredentials credentials, Boolean isProxyAuth, HttpConnection connection, HttpConnectionPool connectionPool, CancellationToken cancellationToken)
   at System.Net.Http.HttpConnectionPool.SendWithVersionDetectionAndRetryAsync(HttpRequestMessage request, Boolean async, Boolean doRequestAuth, CancellationToken cancellationToken)
   at System.Net.Http.AuthenticationHelper.SendWithAuthAsync(HttpRequestMessage request, Uri authUri, Boolean async, ICredentials credentials, Boolean preAuthenticate, Boolean isProxyAuth, Boolean doRequestAuth, HttpConnectionPool pool, CancellationToken cancellationToken)
   at System.Net.Http.RedirectHandler.SendAsync(HttpRequestMessage request, Boolean async, CancellationToken cancellationToken)
   at GitHub.Services.Common.RawHttpMessageHandler.SendAsync(HttpRequestMessage request, CancellationToken cancellationToken)
   at GitHub.Services.Common.VssHttpRetryMessageHandler.SendAsync(HttpRequestMessage request, CancellationToken cancellationToken)
   at System.Net.Http.HttpClient.<SendAsync>g__Core|83_0(HttpRequestMessage request, HttpCompletionOption completionOption, CancellationTokenSource cts, Boolean disposeCts, CancellationTokenSource pendingRequestsCts, CancellationToken originalCancellationToken)
[2026-04-08 13:02:30Z ERR  BrokerServer] #####################################################
[2026-04-08 13:02:30Z ERR  BrokerServer] System.IO.IOException: Unable to read data from the transport connection: 스레드 종료 또는 응용 프로그램 요청 때문에 I/O 작업이 취소되었습니다..
 ---> System.Net.Sockets.SocketException (995): 스레드 종료 또는 응용 프로그램 요청 때문에 I/O 작업이 취소되었습니다.
   --- End of inner exception stack trace ---
   at System.Net.Sockets.Socket.AwaitableSocketAsyncEventArgs.ThrowException(SocketError error, CancellationToken cancellationToken)
   at System.Net.Sockets.Socket.AwaitableSocketAsyncEventArgs.System.Threading.Tasks.Sources.IValueTaskSource<System.Int32>.GetResult(Int16 token)
   at System.Net.Security.SslStream.EnsureFullTlsFrameAsync[TIOAdapter](CancellationToken cancellationToken, Int32 estimatedSize)
   at System.Runtime.CompilerServices.PoolingAsyncValueTaskMethodBuilder`1.StateMachineBox`1.System.Threading.Tasks.Sources.IValueTaskSource<TResult>.GetResult(Int16 token)
   at System.Net.Security.SslStream.ReadAsyncInternal[TIOAdapter](Memory`1 buffer, CancellationToken cancellationToken)
   at System.Runtime.CompilerServices.PoolingAsyncValueTaskMethodBuilder`1.StateMachineBox`1.System.Threading.Tasks.Sources.IValueTaskSource<TResult>.GetResult(Int16 token)
   at System.Net.Http.HttpConnection.SendAsync(HttpRequestMessage request, Boolean async, CancellationToken cancellationToken)
[2026-04-08 13:02:30Z ERR  BrokerServer] #####################################################
[2026-04-08 13:02:30Z ERR  BrokerServer] System.Net.Sockets.SocketException (995): 스레드 종료 또는 응용 프로그램 요청 때문에 I/O 작업이 취소되었습니다.
[2026-04-08 13:02:30Z WARN BrokerServer] Back off 9.414 seconds before next retry. 4 attempt left.
[2026-04-08 13:02:30Z INFO BrokerMessageListener] Get messages has been cancelled using local token source. Continue to get messages with new status.
[2026-04-08 13:03:36Z INFO BrokerMessageListener] Acknowledging runner request '9a08852a-b187-559e-8edb-c690535f3619'.
[2026-04-08 13:03:37Z INFO ConfigurationStore] HasCredentials()
[2026-04-08 13:03:37Z INFO ConfigurationStore] stored True
[2026-04-08 13:03:37Z INFO CredentialManager] GetCredentialProvider
[2026-04-08 13:03:37Z INFO CredentialManager] Creating type OAuth
[2026-04-08 13:03:37Z INFO CredentialManager] Creating credential type: OAuth
[2026-04-08 13:03:37Z INFO RSAEncryptedFileKeyManager] Loading RSA key parameters from file C:\Users\user\OneDrive\바탕 화면\at-dog-api\.credentials_rsaparams
[2026-04-08 13:03:37Z INFO RSAEncryptedFileKeyManager] Loading RSA key parameters from file C:\Users\user\OneDrive\바탕 화면\at-dog-api\.credentials_rsaparams
[2026-04-08 13:03:37Z INFO RSAEncryptedFileKeyManager] Loading RSA key parameters from file C:\Users\user\OneDrive\바탕 화면\at-dog-api\.credentials_rsaparams
[2026-04-08 13:03:38Z INFO GitHubActionsService] AAD Correlation ID for this token request: Unknown
[2026-04-08 13:03:40Z INFO JobDispatcher] Job request 0 for plan 71da3323-d909-449a-b6c6-f2546873f0bc job 9a08852a-b187-559e-8edb-c690535f3619 received.
[2026-04-08 13:03:40Z INFO JobDispatcher] Pull OrchestrationId 71da3323-d909-449a-b6c6-f2546873f0bc.deploy.__default from JWT claims
[2026-04-08 13:03:40Z INFO BrokerMessageListener] Received job status event. JobState: Busy
[2026-04-08 13:03:40Z INFO BrokerMessageListener] _getMessagesTokenSource is already disposed.
[2026-04-08 13:03:40Z INFO JobDispatcher] Job request 1b1602b5-5f3a-582c-9148-6905750d079d processed succeed.
[2026-04-08 13:03:40Z INFO Terminal] WRITE LINE: 2026-04-08 13:03:40Z: Running job: deploy
[2026-04-08 13:03:40Z INFO JobDispatcher] Start renew job request 0 for job 9a08852a-b187-559e-8edb-c690535f3619.
[2026-04-08 13:03:41Z INFO JobDispatcher] Successfully renew job 9a08852a-b187-559e-8edb-c690535f3619, job is valid till 2026-04-08 오후 1:13:40
[2026-04-08 13:03:41Z INFO HostContext] Well known directory 'Bin': 'C:\Users\user\OneDrive\바탕 화면\at-dog-api\bin'
[2026-04-08 13:03:41Z INFO ProcessInvokerWrapper] Starting process:
[2026-04-08 13:03:41Z INFO ProcessInvokerWrapper]   File name: 'C:\Users\user\OneDrive\바탕 화면\at-dog-api\bin\Runner.Worker.exe'
[2026-04-08 13:03:41Z INFO ProcessInvokerWrapper]   Arguments: 'spawnclient 1344 1788'
[2026-04-08 13:03:41Z INFO ProcessInvokerWrapper]   Working directory: 'C:\Users\user\OneDrive\바탕 화면\at-dog-api\bin'
[2026-04-08 13:03:41Z INFO ProcessInvokerWrapper]   Require exit code zero: 'False'
[2026-04-08 13:03:41Z INFO ProcessInvokerWrapper]   Encoding web name:  ; code page: ''
[2026-04-08 13:03:41Z INFO ProcessInvokerWrapper]   Force kill process on cancellation: 'True'
[2026-04-08 13:03:41Z INFO ProcessInvokerWrapper]   Redirected STDIN: 'False'
[2026-04-08 13:03:41Z INFO ProcessInvokerWrapper]   Persist current code page: 'False'
[2026-04-08 13:03:41Z INFO ProcessInvokerWrapper]   Keep redirected STDIN open: 'False'
[2026-04-08 13:03:41Z INFO ProcessInvokerWrapper]   High priority process: 'True'
[2026-04-08 13:03:41Z INFO ProcessInvokerWrapper] Process started with process id 25164, waiting for process exit.
[2026-04-08 13:03:41Z INFO JobDispatcher] Send job request message to worker for job 9a08852a-b187-559e-8edb-c690535f3619.
[2026-04-08 13:03:41Z INFO ProcessChannel] Sending message of length 21107, with hash '34a7c9c72634eab30f5fa455fd20966c70e8bbbd3d49a6628387901c17a0f1f1'
[2026-04-08 13:03:41Z INFO JobNotification] Entering JobStarted Notification
[2026-04-08 13:03:41Z INFO JobNotification] Entering StartMonitor
[2026-04-08 13:04:02Z INFO ProcessInvokerWrapper] STDOUT/STDERR stream read finished.
[2026-04-08 13:04:02Z INFO ProcessInvokerWrapper] STDOUT/STDERR stream read finished.
[2026-04-08 13:04:02Z INFO ProcessInvokerWrapper] Finished process 25164 with exit code 102, and elapsed time 00:00:21.8267100.
[2026-04-08 13:04:02Z INFO JobDispatcher] Worker finished for job 9a08852a-b187-559e-8edb-c690535f3619. Code: 102
[2026-04-08 13:04:02Z INFO JobDispatcher] finish job request for job 9a08852a-b187-559e-8edb-c690535f3619 with result: Failed
[2026-04-08 13:04:02Z INFO Terminal] WRITE LINE: 2026-04-08 13:04:02Z: Job deploy completed with result: Failed
[2026-04-08 13:04:02Z INFO JobDispatcher] Stop renew job request for job 9a08852a-b187-559e-8edb-c690535f3619.
[2026-04-08 13:04:02Z INFO JobDispatcher] job renew has been cancelled, stop renew job 9a08852a-b187-559e-8edb-c690535f3619.
[2026-04-08 13:04:02Z INFO JobNotification] Entering JobCompleted Notification
[2026-04-08 13:04:02Z INFO JobNotification] Entering EndMonitor
[2026-04-08 13:04:02Z INFO BrokerMessageListener] Received job status event. JobState: Online
[2026-04-08 13:04:02Z WARN GitHubActionsService] GET request to https://broker.actions.githubusercontent.com/message?sessionId=dbf36343-2ea6-4240-bbd0-4e0378508961&status=Busy&runnerVersion=2.333.1&os=Windows&architecture=X64&disableUpdate=false has been cancelled.
[2026-04-08 13:04:02Z ERR  BrokerServer] Catch exception during request
[2026-04-08 13:04:02Z ERR  BrokerServer] System.Threading.Tasks.TaskCanceledException: The operation was canceled.
 ---> System.Threading.Tasks.TaskCanceledException: The operation was canceled.
 ---> System.IO.IOException: Unable to read data from the transport connection: 스레드 종료 또는 응용 프로그램 요청 때문에 I/O 작업이 취소되었습니다..
 ---> System.Net.Sockets.SocketException (995): 스레드 종료 또는 응용 프로그램 요청 때문에 I/O 작업이 취소되었습니다.
   --- End of inner exception stack trace ---
   at System.Net.Sockets.Socket.AwaitableSocketAsyncEventArgs.ThrowException(SocketError error, CancellationToken cancellationToken)
   at System.Net.Sockets.Socket.AwaitableSocketAsyncEventArgs.System.Threading.Tasks.Sources.IValueTaskSource<System.Int32>.GetResult(Int16 token)
   at System.Net.Security.SslStream.EnsureFullTlsFrameAsync[TIOAdapter](CancellationToken cancellationToken, Int32 estimatedSize)
   at System.Runtime.CompilerServices.PoolingAsyncValueTaskMethodBuilder`1.StateMachineBox`1.System.Threading.Tasks.Sources.IValueTaskSource<TResult>.GetResult(Int16 token)
   at System.Net.Security.SslStream.ReadAsyncInternal[TIOAdapter](Memory`1 buffer, CancellationToken cancellationToken)
   at System.Runtime.CompilerServices.PoolingAsyncValueTaskMethodBuilder`1.StateMachineBox`1.System.Threading.Tasks.Sources.IValueTaskSource<TResult>.GetResult(Int16 token)
   at System.Net.Http.HttpConnection.<EnsureReadAheadTaskHasStarted>g__ReadAheadWithZeroByteReadAsync|40_0()
   at System.Net.Http.HttpConnection.SendAsync(HttpRequestMessage request, Boolean async, CancellationToken cancellationToken)
   --- End of inner exception stack trace ---
   at System.Net.Http.HttpConnection.SendAsync(HttpRequestMessage request, Boolean async, CancellationToken cancellationToken)
   at System.Net.Http.AuthenticationHelper.SendWithNtAuthAsync(HttpRequestMessage request, Uri authUri, Boolean async, ICredentials credentials, Boolean isProxyAuth, HttpConnection connection, HttpConnectionPool connectionPool, CancellationToken cancellationToken)
   at System.Net.Http.HttpConnectionPool.SendWithVersionDetectionAndRetryAsync(HttpRequestMessage request, Boolean async, Boolean doRequestAuth, CancellationToken cancellationToken)
   at System.Net.Http.AuthenticationHelper.SendWithAuthAsync(HttpRequestMessage request, Uri authUri, Boolean async, ICredentials credentials, Boolean preAuthenticate, Boolean isProxyAuth, Boolean doRequestAuth, HttpConnectionPool pool, CancellationToken cancellationToken)
   at System.Net.Http.RedirectHandler.SendAsync(HttpRequestMessage request, Boolean async, CancellationToken cancellationToken)
   at GitHub.Services.Common.RawHttpMessageHandler.SendAsync(HttpRequestMessage request, CancellationToken cancellationToken)
   at GitHub.Services.Common.VssHttpRetryMessageHandler.SendAsync(HttpRequestMessage request, CancellationToken cancellationToken)
   at System.Net.Http.HttpClient.<SendAsync>g__Core|83_0(HttpRequestMessage request, HttpCompletionOption completionOption, CancellationTokenSource cts, Boolean disposeCts, CancellationTokenSource pendingRequestsCts, CancellationToken originalCancellationToken)
   --- End of inner exception stack trace ---
   at System.Net.Http.HttpClient.HandleFailure(Exception e, Boolean telemetryStarted, HttpResponseMessage response, CancellationTokenSource cts, CancellationToken cancellationToken, CancellationTokenSource pendingRequestsCts)
   at System.Net.Http.HttpClient.<SendAsync>g__Core|83_0(HttpRequestMessage request, HttpCompletionOption completionOption, CancellationTokenSource cts, Boolean disposeCts, CancellationTokenSource pendingRequestsCts, CancellationToken originalCancellationToken)
   at Sdk.WebApi.WebApi.RawHttpClientBase.SendAsync(HttpRequestMessage message, HttpCompletionOption completionOption, Object userState, CancellationToken cancellationToken)
   at Sdk.WebApi.WebApi.RawHttpClientBase.SendAsync[T](HttpRequestMessage message, Boolean readErrorBody, Object userState, CancellationToken cancellationToken)
   at Sdk.WebApi.WebApi.RawHttpClientBase.SendAsync[T](HttpMethod method, IEnumerable`1 additionalHeaders, Uri requestUri, HttpContent content, IEnumerable`1 queryParameters, Boolean readErrorBody, Object userState, CancellationToken cancellationToken)
   at GitHub.Actions.RunService.WebApi.BrokerHttpClient.GetRunnerMessageAsync(Nullable`1 sessionId, String runnerVersion, Nullable`1 status, String os, String architecture, Nullable`1 disableUpdate, CancellationToken cancellationToken)
   at GitHub.Runner.Common.BrokerServer.<>c__DisplayClass7_0.<<GetRunnerMessageAsync>b__0>d.MoveNext()
--- End of stack trace from previous location ---
   at GitHub.Runner.Common.RunnerService.RetryRequest[T](Func`1 func, CancellationToken cancellationToken, Int32 maxAttempts, Func`2 shouldRetry)
[2026-04-08 13:04:02Z ERR  BrokerServer] #####################################################
[2026-04-08 13:04:02Z ERR  BrokerServer] System.Threading.Tasks.TaskCanceledException: The operation was canceled.
 ---> System.IO.IOException: Unable to read data from the transport connection: 스레드 종료 또는 응용 프로그램 요청 때문에 I/O 작업이 취소되었습니다..
 ---> System.Net.Sockets.SocketException (995): 스레드 종료 또는 응용 프로그램 요청 때문에 I/O 작업이 취소되었습니다.
   --- End of inner exception stack trace ---
   at System.Net.Sockets.Socket.AwaitableSocketAsyncEventArgs.ThrowException(SocketError error, CancellationToken cancellationToken)
   at System.Net.Sockets.Socket.AwaitableSocketAsyncEventArgs.System.Threading.Tasks.Sources.IValueTaskSource<System.Int32>.GetResult(Int16 token)
   at System.Net.Security.SslStream.EnsureFullTlsFrameAsync[TIOAdapter](CancellationToken cancellationToken, Int32 estimatedSize)
   at System.Runtime.CompilerServices.PoolingAsyncValueTaskMethodBuilder`1.StateMachineBox`1.System.Threading.Tasks.Sources.IValueTaskSource<TResult>.GetResult(Int16 token)
   at System.Net.Security.SslStream.ReadAsyncInternal[TIOAdapter](Memory`1 buffer, CancellationToken cancellationToken)
   at System.Runtime.CompilerServices.PoolingAsyncValueTaskMethodBuilder`1.StateMachineBox`1.System.Threading.Tasks.Sources.IValueTaskSource<TResult>.GetResult(Int16 token)
   at System.Net.Http.HttpConnection.<EnsureReadAheadTaskHasStarted>g__ReadAheadWithZeroByteReadAsync|40_0()
   at System.Net.Http.HttpConnection.SendAsync(HttpRequestMessage request, Boolean async, CancellationToken cancellationToken)
   --- End of inner exception stack trace ---
   at System.Net.Http.HttpConnection.SendAsync(HttpRequestMessage request, Boolean async, CancellationToken cancellationToken)
   at System.Net.Http.AuthenticationHelper.SendWithNtAuthAsync(HttpRequestMessage request, Uri authUri, Boolean async, ICredentials credentials, Boolean isProxyAuth, HttpConnection connection, HttpConnectionPool connectionPool, CancellationToken cancellationToken)
   at System.Net.Http.HttpConnectionPool.SendWithVersionDetectionAndRetryAsync(HttpRequestMessage request, Boolean async, Boolean doRequestAuth, CancellationToken cancellationToken)
   at System.Net.Http.AuthenticationHelper.SendWithAuthAsync(HttpRequestMessage request, Uri authUri, Boolean async, ICredentials credentials, Boolean preAuthenticate, Boolean isProxyAuth, Boolean doRequestAuth, HttpConnectionPool pool, CancellationToken cancellationToken)
   at System.Net.Http.RedirectHandler.SendAsync(HttpRequestMessage request, Boolean async, CancellationToken cancellationToken)
   at GitHub.Services.Common.RawHttpMessageHandler.SendAsync(HttpRequestMessage request, CancellationToken cancellationToken)
   at GitHub.Services.Common.VssHttpRetryMessageHandler.SendAsync(HttpRequestMessage request, CancellationToken cancellationToken)
   at System.Net.Http.HttpClient.<SendAsync>g__Core|83_0(HttpRequestMessage request, HttpCompletionOption completionOption, CancellationTokenSource cts, Boolean disposeCts, CancellationTokenSource pendingRequestsCts, CancellationToken originalCancellationToken)
[2026-04-08 13:04:02Z ERR  BrokerServer] #####################################################
[2026-04-08 13:04:02Z ERR  BrokerServer] System.IO.IOException: Unable to read data from the transport connection: 스레드 종료 또는 응용 프로그램 요청 때문에 I/O 작업이 취소되었습니다..
 ---> System.Net.Sockets.SocketException (995): 스레드 종료 또는 응용 프로그램 요청 때문에 I/O 작업이 취소되었습니다.
   --- End of inner exception stack trace ---
   at System.Net.Sockets.Socket.AwaitableSocketAsyncEventArgs.ThrowException(SocketError error, CancellationToken cancellationToken)
   at System.Net.Sockets.Socket.AwaitableSocketAsyncEventArgs.System.Threading.Tasks.Sources.IValueTaskSource<System.Int32>.GetResult(Int16 token)
   at System.Net.Security.SslStream.EnsureFullTlsFrameAsync[TIOAdapter](CancellationToken cancellationToken, Int32 estimatedSize)
   at System.Runtime.CompilerServices.PoolingAsyncValueTaskMethodBuilder`1.StateMachineBox`1.System.Threading.Tasks.Sources.IValueTaskSource<TResult>.GetResult(Int16 token)
   at System.Net.Security.SslStream.ReadAsyncInternal[TIOAdapter](Memory`1 buffer, CancellationToken cancellationToken)
   at System.Runtime.CompilerServices.PoolingAsyncValueTaskMethodBuilder`1.StateMachineBox`1.System.Threading.Tasks.Sources.IValueTaskSource<TResult>.GetResult(Int16 token)
   at System.Net.Http.HttpConnection.<EnsureReadAheadTaskHasStarted>g__ReadAheadWithZeroByteReadAsync|40_0()
   at System.Net.Http.HttpConnection.SendAsync(HttpRequestMessage request, Boolean async, CancellationToken cancellationToken)
[2026-04-08 13:04:02Z ERR  BrokerServer] #####################################################
[2026-04-08 13:04:02Z ERR  BrokerServer] System.Net.Sockets.SocketException (995): 스레드 종료 또는 응용 프로그램 요청 때문에 I/O 작업이 취소되었습니다.
[2026-04-08 13:04:02Z WARN BrokerServer] Back off 7.953 seconds before next retry. 4 attempt left.
[2026-04-08 13:04:02Z INFO BrokerMessageListener] Get messages has been cancelled using local token source. Continue to get messages with new status.
[2026-04-08 13:06:05Z INFO BrokerMessageListener] Acknowledging runner request 'e29a3eb1-e719-54fe-bf97-12162d283b75'.
[2026-04-08 13:06:06Z INFO ConfigurationStore] HasCredentials()
[2026-04-08 13:06:06Z INFO ConfigurationStore] stored True
[2026-04-08 13:06:06Z INFO CredentialManager] GetCredentialProvider
[2026-04-08 13:06:06Z INFO CredentialManager] Creating type OAuth
[2026-04-08 13:06:06Z INFO CredentialManager] Creating credential type: OAuth
[2026-04-08 13:06:06Z INFO RSAEncryptedFileKeyManager] Loading RSA key parameters from file C:\Users\user\OneDrive\바탕 화면\at-dog-api\.credentials_rsaparams
[2026-04-08 13:06:06Z INFO RSAEncryptedFileKeyManager] Loading RSA key parameters from file C:\Users\user\OneDrive\바탕 화면\at-dog-api\.credentials_rsaparams
[2026-04-08 13:06:06Z INFO RSAEncryptedFileKeyManager] Loading RSA key parameters from file C:\Users\user\OneDrive\바탕 화면\at-dog-api\.credentials_rsaparams
[2026-04-08 13:06:07Z INFO GitHubActionsService] AAD Correlation ID for this token request: Unknown
[2026-04-08 13:06:08Z INFO JobDispatcher] Job request 0 for plan a40b0c42-b677-4787-bcfa-d0c99919cdda job e29a3eb1-e719-54fe-bf97-12162d283b75 received.
[2026-04-08 13:06:08Z INFO JobDispatcher] Pull OrchestrationId a40b0c42-b677-4787-bcfa-d0c99919cdda.deploy.__default from JWT claims
[2026-04-08 13:06:08Z INFO BrokerMessageListener] Received job status event. JobState: Busy
[2026-04-08 13:06:08Z INFO BrokerMessageListener] _getMessagesTokenSource is already disposed.
[2026-04-08 13:06:08Z INFO JobDispatcher] Job request 9a08852a-b187-559e-8edb-c690535f3619 processed succeed.
[2026-04-08 13:06:08Z INFO Terminal] WRITE LINE: 2026-04-08 13:06:08Z: Running job: deploy
[2026-04-08 13:06:08Z INFO JobDispatcher] Start renew job request 0 for job e29a3eb1-e719-54fe-bf97-12162d283b75.
[2026-04-08 13:06:09Z INFO JobDispatcher] Successfully renew job e29a3eb1-e719-54fe-bf97-12162d283b75, job is valid till 2026-04-08 오후 1:16:09
[2026-04-08 13:06:09Z INFO HostContext] Well known directory 'Bin': 'C:\Users\user\OneDrive\바탕 화면\at-dog-api\bin'
[2026-04-08 13:06:09Z INFO ProcessInvokerWrapper] Starting process:
[2026-04-08 13:06:09Z INFO ProcessInvokerWrapper]   File name: 'C:\Users\user\OneDrive\바탕 화면\at-dog-api\bin\Runner.Worker.exe'
[2026-04-08 13:06:09Z INFO ProcessInvokerWrapper]   Arguments: 'spawnclient 2248 1628'
[2026-04-08 13:06:09Z INFO ProcessInvokerWrapper]   Working directory: 'C:\Users\user\OneDrive\바탕 화면\at-dog-api\bin'
[2026-04-08 13:06:09Z INFO ProcessInvokerWrapper]   Require exit code zero: 'False'
[2026-04-08 13:06:09Z INFO ProcessInvokerWrapper]   Encoding web name:  ; code page: ''
[2026-04-08 13:06:09Z INFO ProcessInvokerWrapper]   Force kill process on cancellation: 'True'
[2026-04-08 13:06:09Z INFO ProcessInvokerWrapper]   Redirected STDIN: 'False'
[2026-04-08 13:06:09Z INFO ProcessInvokerWrapper]   Persist current code page: 'False'
[2026-04-08 13:06:09Z INFO ProcessInvokerWrapper]   Keep redirected STDIN open: 'False'
[2026-04-08 13:06:09Z INFO ProcessInvokerWrapper]   High priority process: 'True'
[2026-04-08 13:06:09Z INFO ProcessInvokerWrapper] Process started with process id 20084, waiting for process exit.
[2026-04-08 13:06:09Z INFO JobDispatcher] Send job request message to worker for job e29a3eb1-e719-54fe-bf97-12162d283b75.
[2026-04-08 13:06:09Z INFO ProcessChannel] Sending message of length 21269, with hash 'e10c4033583600edbe3fbf8932a0464d054d11d02f3ce57f9e0560138ba8f2b0'
[2026-04-08 13:06:10Z INFO JobNotification] Entering JobStarted Notification
[2026-04-08 13:06:10Z INFO JobNotification] Entering StartMonitor
[2026-04-08 13:06:50Z INFO ProcessInvokerWrapper] STDOUT/STDERR stream read finished.
[2026-04-08 13:06:50Z INFO ProcessInvokerWrapper] STDOUT/STDERR stream read finished.
[2026-04-08 13:06:50Z INFO ProcessInvokerWrapper] Finished process 20084 with exit code 102, and elapsed time 00:00:40.4860062.
[2026-04-08 13:06:50Z INFO JobDispatcher] Worker finished for job e29a3eb1-e719-54fe-bf97-12162d283b75. Code: 102
[2026-04-08 13:06:50Z INFO JobDispatcher] finish job request for job e29a3eb1-e719-54fe-bf97-12162d283b75 with result: Failed
[2026-04-08 13:06:50Z INFO Terminal] WRITE LINE: 2026-04-08 13:06:50Z: Job deploy completed with result: Failed
[2026-04-08 13:06:50Z INFO JobDispatcher] Stop renew job request for job e29a3eb1-e719-54fe-bf97-12162d283b75.
[2026-04-08 13:06:50Z INFO JobDispatcher] job renew has been cancelled, stop renew job e29a3eb1-e719-54fe-bf97-12162d283b75.
[2026-04-08 13:06:50Z INFO JobNotification] Entering JobCompleted Notification
[2026-04-08 13:06:50Z INFO JobNotification] Entering EndMonitor
[2026-04-08 13:06:50Z INFO BrokerMessageListener] Received job status event. JobState: Online
[2026-04-08 13:06:50Z WARN GitHubActionsService] GET request to https://broker.actions.githubusercontent.com/message?sessionId=dbf36343-2ea6-4240-bbd0-4e0378508961&status=Busy&runnerVersion=2.333.1&os=Windows&architecture=X64&disableUpdate=false has been cancelled.
[2026-04-08 13:06:50Z ERR  BrokerServer] Catch exception during request
[2026-04-08 13:06:50Z ERR  BrokerServer] System.Threading.Tasks.TaskCanceledException: The operation was canceled.
 ---> System.Threading.Tasks.TaskCanceledException: The operation was canceled.
 ---> System.IO.IOException: Unable to read data from the transport connection: 스레드 종료 또는 응용 프로그램 요청 때문에 I/O 작업이 취소되었습니다..
 ---> System.Net.Sockets.SocketException (995): 스레드 종료 또는 응용 프로그램 요청 때문에 I/O 작업이 취소되었습니다.
   --- End of inner exception stack trace ---
   at System.Net.Sockets.Socket.AwaitableSocketAsyncEventArgs.System.Threading.Tasks.Sources.IValueTaskSource<System.Int32>.GetResult(Int16 token)
   at System.Net.Security.SslStream.EnsureFullTlsFrameAsync[TIOAdapter](CancellationToken cancellationToken, Int32 estimatedSize)
   at System.Runtime.CompilerServices.PoolingAsyncValueTaskMethodBuilder`1.StateMachineBox`1.System.Threading.Tasks.Sources.IValueTaskSource<TResult>.GetResult(Int16 token)
   at System.Net.Security.SslStream.ReadAsyncInternal[TIOAdapter](Memory`1 buffer, CancellationToken cancellationToken)
   at System.Runtime.CompilerServices.PoolingAsyncValueTaskMethodBuilder`1.StateMachineBox`1.System.Threading.Tasks.Sources.IValueTaskSource<TResult>.GetResult(Int16 token)
   at System.Net.Http.HttpConnection.<EnsureReadAheadTaskHasStarted>g__ReadAheadWithZeroByteReadAsync|40_0()
   at System.Net.Http.HttpConnection.SendAsync(HttpRequestMessage request, Boolean async, CancellationToken cancellationToken)
   --- End of inner exception stack trace ---
   at System.Net.Http.HttpConnection.SendAsync(HttpRequestMessage request, Boolean async, CancellationToken cancellationToken)
   at System.Net.Http.AuthenticationHelper.SendWithNtAuthAsync(HttpRequestMessage request, Uri authUri, Boolean async, ICredentials credentials, Boolean isProxyAuth, HttpConnection connection, HttpConnectionPool connectionPool, CancellationToken cancellationToken)
   at System.Net.Http.HttpConnectionPool.SendWithVersionDetectionAndRetryAsync(HttpRequestMessage request, Boolean async, Boolean doRequestAuth, CancellationToken cancellationToken)
   at System.Net.Http.AuthenticationHelper.SendWithAuthAsync(HttpRequestMessage request, Uri authUri, Boolean async, ICredentials credentials, Boolean preAuthenticate, Boolean isProxyAuth, Boolean doRequestAuth, HttpConnectionPool pool, CancellationToken cancellationToken)
   at System.Net.Http.RedirectHandler.SendAsync(HttpRequestMessage request, Boolean async, CancellationToken cancellationToken)
   at GitHub.Services.Common.RawHttpMessageHandler.SendAsync(HttpRequestMessage request, CancellationToken cancellationToken)
   at GitHub.Services.Common.VssHttpRetryMessageHandler.SendAsync(HttpRequestMessage request, CancellationToken cancellationToken)
   at System.Net.Http.HttpClient.<SendAsync>g__Core|83_0(HttpRequestMessage request, HttpCompletionOption completionOption, CancellationTokenSource cts, Boolean disposeCts, CancellationTokenSource pendingRequestsCts, CancellationToken originalCancellationToken)
   --- End of inner exception stack trace ---
   at System.Net.Http.HttpClient.HandleFailure(Exception e, Boolean telemetryStarted, HttpResponseMessage response, CancellationTokenSource cts, CancellationToken cancellationToken, CancellationTokenSource pendingRequestsCts)
   at System.Net.Http.HttpClient.<SendAsync>g__Core|83_0(HttpRequestMessage request, HttpCompletionOption completionOption, CancellationTokenSource cts, Boolean disposeCts, CancellationTokenSource pendingRequestsCts, CancellationToken originalCancellationToken)
   at Sdk.WebApi.WebApi.RawHttpClientBase.SendAsync(HttpRequestMessage message, HttpCompletionOption completionOption, Object userState, CancellationToken cancellationToken)
   at Sdk.WebApi.WebApi.RawHttpClientBase.SendAsync[T](HttpRequestMessage message, Boolean readErrorBody, Object userState, CancellationToken cancellationToken)
   at Sdk.WebApi.WebApi.RawHttpClientBase.SendAsync[T](HttpMethod method, IEnumerable`1 additionalHeaders, Uri requestUri, HttpContent content, IEnumerable`1 queryParameters, Boolean readErrorBody, Object userState, CancellationToken cancellationToken)
   at GitHub.Actions.RunService.WebApi.BrokerHttpClient.GetRunnerMessageAsync(Nullable`1 sessionId, String runnerVersion, Nullable`1 status, String os, String architecture, Nullable`1 disableUpdate, CancellationToken cancellationToken)
   at GitHub.Runner.Common.BrokerServer.<>c__DisplayClass7_0.<<GetRunnerMessageAsync>b__0>d.MoveNext()
--- End of stack trace from previous location ---
   at GitHub.Runner.Common.RunnerService.RetryRequest[T](Func`1 func, CancellationToken cancellationToken, Int32 maxAttempts, Func`2 shouldRetry)
[2026-04-08 13:06:50Z ERR  BrokerServer] #####################################################
[2026-04-08 13:06:50Z ERR  BrokerServer] System.Threading.Tasks.TaskCanceledException: The operation was canceled.
 ---> System.IO.IOException: Unable to read data from the transport connection: 스레드 종료 또는 응용 프로그램 요청 때문에 I/O 작업이 취소되었습니다..
 ---> System.Net.Sockets.SocketException (995): 스레드 종료 또는 응용 프로그램 요청 때문에 I/O 작업이 취소되었습니다.
   --- End of inner exception stack trace ---
   at System.Net.Sockets.Socket.AwaitableSocketAsyncEventArgs.System.Threading.Tasks.Sources.IValueTaskSource<System.Int32>.GetResult(Int16 token)
   at System.Net.Security.SslStream.EnsureFullTlsFrameAsync[TIOAdapter](CancellationToken cancellationToken, Int32 estimatedSize)
   at System.Runtime.CompilerServices.PoolingAsyncValueTaskMethodBuilder`1.StateMachineBox`1.System.Threading.Tasks.Sources.IValueTaskSource<TResult>.GetResult(Int16 token)
   at System.Net.Security.SslStream.ReadAsyncInternal[TIOAdapter](Memory`1 buffer, CancellationToken cancellationToken)
   at System.Runtime.CompilerServices.PoolingAsyncValueTaskMethodBuilder`1.StateMachineBox`1.System.Threading.Tasks.Sources.IValueTaskSource<TResult>.GetResult(Int16 token)
   at System.Net.Http.HttpConnection.<EnsureReadAheadTaskHasStarted>g__ReadAheadWithZeroByteReadAsync|40_0()
   at System.Net.Http.HttpConnection.SendAsync(HttpRequestMessage request, Boolean async, CancellationToken cancellationToken)
   --- End of inner exception stack trace ---
   at System.Net.Http.HttpConnection.SendAsync(HttpRequestMessage request, Boolean async, CancellationToken cancellationToken)
   at System.Net.Http.AuthenticationHelper.SendWithNtAuthAsync(HttpRequestMessage request, Uri authUri, Boolean async, ICredentials credentials, Boolean isProxyAuth, HttpConnection connection, HttpConnectionPool connectionPool, CancellationToken cancellationToken)
   at System.Net.Http.HttpConnectionPool.SendWithVersionDetectionAndRetryAsync(HttpRequestMessage request, Boolean async, Boolean doRequestAuth, CancellationToken cancellationToken)
   at System.Net.Http.AuthenticationHelper.SendWithAuthAsync(HttpRequestMessage request, Uri authUri, Boolean async, ICredentials credentials, Boolean preAuthenticate, Boolean isProxyAuth, Boolean doRequestAuth, HttpConnectionPool pool, CancellationToken cancellationToken)
   at System.Net.Http.RedirectHandler.SendAsync(HttpRequestMessage request, Boolean async, CancellationToken cancellationToken)
   at GitHub.Services.Common.RawHttpMessageHandler.SendAsync(HttpRequestMessage request, CancellationToken cancellationToken)
   at GitHub.Services.Common.VssHttpRetryMessageHandler.SendAsync(HttpRequestMessage request, CancellationToken cancellationToken)
   at System.Net.Http.HttpClient.<SendAsync>g__Core|83_0(HttpRequestMessage request, HttpCompletionOption completionOption, CancellationTokenSource cts, Boolean disposeCts, CancellationTokenSource pendingRequestsCts, CancellationToken originalCancellationToken)
[2026-04-08 13:06:50Z ERR  BrokerServer] #####################################################
[2026-04-08 13:06:50Z ERR  BrokerServer] System.IO.IOException: Unable to read data from the transport connection: 스레드 종료 또는 응용 프로그램 요청 때문에 I/O 작업이 취소되었습니다..
 ---> System.Net.Sockets.SocketException (995): 스레드 종료 또는 응용 프로그램 요청 때문에 I/O 작업이 취소되었습니다.
   --- End of inner exception stack trace ---
   at System.Net.Sockets.Socket.AwaitableSocketAsyncEventArgs.System.Threading.Tasks.Sources.IValueTaskSource<System.Int32>.GetResult(Int16 token)
   at System.Net.Security.SslStream.EnsureFullTlsFrameAsync[TIOAdapter](CancellationToken cancellationToken, Int32 estimatedSize)
   at System.Runtime.CompilerServices.PoolingAsyncValueTaskMethodBuilder`1.StateMachineBox`1.System.Threading.Tasks.Sources.IValueTaskSource<TResult>.GetResult(Int16 token)
   at System.Net.Security.SslStream.ReadAsyncInternal[TIOAdapter](Memory`1 buffer, CancellationToken cancellationToken)
   at System.Runtime.CompilerServices.PoolingAsyncValueTaskMethodBuilder`1.StateMachineBox`1.System.Threading.Tasks.Sources.IValueTaskSource<TResult>.GetResult(Int16 token)
   at System.Net.Http.HttpConnection.<EnsureReadAheadTaskHasStarted>g__ReadAheadWithZeroByteReadAsync|40_0()
   at System.Net.Http.HttpConnection.SendAsync(HttpRequestMessage request, Boolean async, CancellationToken cancellationToken)
[2026-04-08 13:06:50Z ERR  BrokerServer] #####################################################
[2026-04-08 13:06:50Z ERR  BrokerServer] System.Net.Sockets.SocketException (995): 스레드 종료 또는 응용 프로그램 요청 때문에 I/O 작업이 취소되었습니다.
[2026-04-08 13:06:50Z WARN BrokerServer] Back off 5.845 seconds before next retry. 4 attempt left.
[2026-04-08 13:06:50Z INFO BrokerMessageListener] Get messages has been cancelled using local token source. Continue to get messages with new status.
[2026-04-08 13:08:28Z INFO BrokerMessageListener] Acknowledging runner request '445ae2bf-57f9-52b9-b743-916f1f1cc265'.
[2026-04-08 13:08:28Z INFO ConfigurationStore] HasCredentials()
[2026-04-08 13:08:28Z INFO ConfigurationStore] stored True
[2026-04-08 13:08:28Z INFO CredentialManager] GetCredentialProvider
[2026-04-08 13:08:28Z INFO CredentialManager] Creating type OAuth
[2026-04-08 13:08:28Z INFO CredentialManager] Creating credential type: OAuth
[2026-04-08 13:08:28Z INFO RSAEncryptedFileKeyManager] Loading RSA key parameters from file C:\Users\user\OneDrive\바탕 화면\at-dog-api\.credentials_rsaparams
[2026-04-08 13:08:28Z INFO RSAEncryptedFileKeyManager] Loading RSA key parameters from file C:\Users\user\OneDrive\바탕 화면\at-dog-api\.credentials_rsaparams
[2026-04-08 13:08:28Z INFO RSAEncryptedFileKeyManager] Loading RSA key parameters from file C:\Users\user\OneDrive\바탕 화면\at-dog-api\.credentials_rsaparams
[2026-04-08 13:08:29Z INFO GitHubActionsService] AAD Correlation ID for this token request: Unknown
[2026-04-08 13:08:30Z INFO JobDispatcher] Job request 0 for plan 278c19f6-538a-4054-9504-dff52f0f23fd job 445ae2bf-57f9-52b9-b743-916f1f1cc265 received.
[2026-04-08 13:08:30Z INFO JobDispatcher] Pull OrchestrationId 278c19f6-538a-4054-9504-dff52f0f23fd.deploy.__default from JWT claims
[2026-04-08 13:08:30Z INFO BrokerMessageListener] Received job status event. JobState: Busy
[2026-04-08 13:08:30Z INFO BrokerMessageListener] _getMessagesTokenSource is already disposed.
[2026-04-08 13:08:30Z INFO JobDispatcher] Job request e29a3eb1-e719-54fe-bf97-12162d283b75 processed succeed.
[2026-04-08 13:08:30Z INFO Terminal] WRITE LINE: 2026-04-08 13:08:30Z: Running job: deploy
[2026-04-08 13:08:30Z INFO JobDispatcher] Start renew job request 0 for job 445ae2bf-57f9-52b9-b743-916f1f1cc265.
[2026-04-08 13:08:31Z INFO JobDispatcher] Successfully renew job 445ae2bf-57f9-52b9-b743-916f1f1cc265, job is valid till 2026-04-08 오후 1:18:31
[2026-04-08 13:08:31Z INFO HostContext] Well known directory 'Bin': 'C:\Users\user\OneDrive\바탕 화면\at-dog-api\bin'
[2026-04-08 13:08:31Z INFO ProcessInvokerWrapper] Starting process:
[2026-04-08 13:08:31Z INFO ProcessInvokerWrapper]   File name: 'C:\Users\user\OneDrive\바탕 화면\at-dog-api\bin\Runner.Worker.exe'
[2026-04-08 13:08:31Z INFO ProcessInvokerWrapper]   Arguments: 'spawnclient 2376 1752'
[2026-04-08 13:08:31Z INFO ProcessInvokerWrapper]   Working directory: 'C:\Users\user\OneDrive\바탕 화면\at-dog-api\bin'
[2026-04-08 13:08:31Z INFO ProcessInvokerWrapper]   Require exit code zero: 'False'
[2026-04-08 13:08:31Z INFO ProcessInvokerWrapper]   Encoding web name:  ; code page: ''
[2026-04-08 13:08:31Z INFO ProcessInvokerWrapper]   Force kill process on cancellation: 'True'
[2026-04-08 13:08:31Z INFO ProcessInvokerWrapper]   Redirected STDIN: 'False'
[2026-04-08 13:08:31Z INFO ProcessInvokerWrapper]   Persist current code page: 'False'
[2026-04-08 13:08:31Z INFO ProcessInvokerWrapper]   Keep redirected STDIN open: 'False'
[2026-04-08 13:08:31Z INFO ProcessInvokerWrapper]   High priority process: 'True'
[2026-04-08 13:08:31Z INFO ProcessInvokerWrapper] Process started with process id 19996, waiting for process exit.
[2026-04-08 13:08:31Z INFO JobDispatcher] Send job request message to worker for job 445ae2bf-57f9-52b9-b743-916f1f1cc265.
[2026-04-08 13:08:31Z INFO ProcessChannel] Sending message of length 21190, with hash 'f79d6825bae4606557dce30f24ebfd617f284c03039e2974a8b9168375545fc3'
[2026-04-08 13:08:32Z INFO JobNotification] Entering JobStarted Notification
[2026-04-08 13:08:32Z INFO JobNotification] Entering StartMonitor
[2026-04-08 13:09:01Z INFO ProcessInvokerWrapper] STDOUT/STDERR stream read finished.
[2026-04-08 13:09:01Z INFO ProcessInvokerWrapper] STDOUT/STDERR stream read finished.
[2026-04-08 13:09:01Z INFO ProcessInvokerWrapper] Finished process 19996 with exit code 100, and elapsed time 00:00:30.0216013.
[2026-04-08 13:09:01Z INFO JobDispatcher] Worker finished for job 445ae2bf-57f9-52b9-b743-916f1f1cc265. Code: 100
[2026-04-08 13:09:01Z INFO JobDispatcher] finish job request for job 445ae2bf-57f9-52b9-b743-916f1f1cc265 with result: Succeeded
[2026-04-08 13:09:01Z INFO Terminal] WRITE LINE: 2026-04-08 13:09:01Z: Job deploy completed with result: Succeeded
[2026-04-08 13:09:01Z INFO JobDispatcher] Stop renew job request for job 445ae2bf-57f9-52b9-b743-916f1f1cc265.
[2026-04-08 13:09:01Z INFO JobDispatcher] job renew has been cancelled, stop renew job 445ae2bf-57f9-52b9-b743-916f1f1cc265.
[2026-04-08 13:09:01Z INFO JobNotification] Entering JobCompleted Notification
[2026-04-08 13:09:01Z INFO JobNotification] Entering EndMonitor
[2026-04-08 13:09:01Z INFO BrokerMessageListener] Received job status event. JobState: Online
[2026-04-08 13:09:01Z WARN GitHubActionsService] GET request to https://broker.actions.githubusercontent.com/message?sessionId=dbf36343-2ea6-4240-bbd0-4e0378508961&status=Busy&runnerVersion=2.333.1&os=Windows&architecture=X64&disableUpdate=false has been cancelled.
[2026-04-08 13:09:01Z ERR  BrokerServer] Catch exception during request
[2026-04-08 13:09:01Z ERR  BrokerServer] System.Threading.Tasks.TaskCanceledException: The operation was canceled.
 ---> System.Threading.Tasks.TaskCanceledException: The operation was canceled.
 ---> System.IO.IOException: Unable to read data from the transport connection: 스레드 종료 또는 응용 프로그램 요청 때문에 I/O 작업이 취소되었습니다..
 ---> System.Net.Sockets.SocketException (995): 스레드 종료 또는 응용 프로그램 요청 때문에 I/O 작업이 취소되었습니다.
   --- End of inner exception stack trace ---
   at System.Net.Sockets.Socket.AwaitableSocketAsyncEventArgs.System.Threading.Tasks.Sources.IValueTaskSource<System.Int32>.GetResult(Int16 token)
   at System.Net.Security.SslStream.EnsureFullTlsFrameAsync[TIOAdapter](CancellationToken cancellationToken, Int32 estimatedSize)
   at System.Runtime.CompilerServices.PoolingAsyncValueTaskMethodBuilder`1.StateMachineBox`1.System.Threading.Tasks.Sources.IValueTaskSource<TResult>.GetResult(Int16 token)
   at System.Net.Security.SslStream.ReadAsyncInternal[TIOAdapter](Memory`1 buffer, CancellationToken cancellationToken)
   at System.Runtime.CompilerServices.PoolingAsyncValueTaskMethodBuilder`1.StateMachineBox`1.System.Threading.Tasks.Sources.IValueTaskSource<TResult>.GetResult(Int16 token)
   at System.Net.Http.HttpConnection.SendAsync(HttpRequestMessage request, Boolean async, CancellationToken cancellationToken)
   --- End of inner exception stack trace ---
   at System.Net.Http.HttpConnection.SendAsync(HttpRequestMessage request, Boolean async, CancellationToken cancellationToken)
   at System.Net.Http.AuthenticationHelper.SendWithNtAuthAsync(HttpRequestMessage request, Uri authUri, Boolean async, ICredentials credentials, Boolean isProxyAuth, HttpConnection connection, HttpConnectionPool connectionPool, CancellationToken cancellationToken)
   at System.Net.Http.HttpConnectionPool.SendWithVersionDetectionAndRetryAsync(HttpRequestMessage request, Boolean async, Boolean doRequestAuth, CancellationToken cancellationToken)
   at System.Net.Http.AuthenticationHelper.SendWithAuthAsync(HttpRequestMessage request, Uri authUri, Boolean async, ICredentials credentials, Boolean preAuthenticate, Boolean isProxyAuth, Boolean doRequestAuth, HttpConnectionPool pool, CancellationToken cancellationToken)
   at System.Net.Http.RedirectHandler.SendAsync(HttpRequestMessage request, Boolean async, CancellationToken cancellationToken)
   at GitHub.Services.Common.RawHttpMessageHandler.SendAsync(HttpRequestMessage request, CancellationToken cancellationToken)
   at GitHub.Services.Common.VssHttpRetryMessageHandler.SendAsync(HttpRequestMessage request, CancellationToken cancellationToken)
   at System.Net.Http.HttpClient.<SendAsync>g__Core|83_0(HttpRequestMessage request, HttpCompletionOption completionOption, CancellationTokenSource cts, Boolean disposeCts, CancellationTokenSource pendingRequestsCts, CancellationToken originalCancellationToken)
   --- End of inner exception stack trace ---
   at System.Net.Http.HttpClient.HandleFailure(Exception e, Boolean telemetryStarted, HttpResponseMessage response, CancellationTokenSource cts, CancellationToken cancellationToken, CancellationTokenSource pendingRequestsCts)
   at System.Net.Http.HttpClient.<SendAsync>g__Core|83_0(HttpRequestMessage request, HttpCompletionOption completionOption, CancellationTokenSource cts, Boolean disposeCts, CancellationTokenSource pendingRequestsCts, CancellationToken originalCancellationToken)
   at Sdk.WebApi.WebApi.RawHttpClientBase.SendAsync(HttpRequestMessage message, HttpCompletionOption completionOption, Object userState, CancellationToken cancellationToken)
   at Sdk.WebApi.WebApi.RawHttpClientBase.SendAsync[T](HttpRequestMessage message, Boolean readErrorBody, Object userState, CancellationToken cancellationToken)
   at Sdk.WebApi.WebApi.RawHttpClientBase.SendAsync[T](HttpMethod method, IEnumerable`1 additionalHeaders, Uri requestUri, HttpContent content, IEnumerable`1 queryParameters, Boolean readErrorBody, Object userState, CancellationToken cancellationToken)
   at GitHub.Actions.RunService.WebApi.BrokerHttpClient.GetRunnerMessageAsync(Nullable`1 sessionId, String runnerVersion, Nullable`1 status, String os, String architecture, Nullable`1 disableUpdate, CancellationToken cancellationToken)
   at GitHub.Runner.Common.BrokerServer.<>c__DisplayClass7_0.<<GetRunnerMessageAsync>b__0>d.MoveNext()
--- End of stack trace from previous location ---
   at GitHub.Runner.Common.RunnerService.RetryRequest[T](Func`1 func, CancellationToken cancellationToken, Int32 maxAttempts, Func`2 shouldRetry)
[2026-04-08 13:09:01Z ERR  BrokerServer] #####################################################
[2026-04-08 13:09:01Z ERR  BrokerServer] System.Threading.Tasks.TaskCanceledException: The operation was canceled.
 ---> System.IO.IOException: Unable to read data from the transport connection: 스레드 종료 또는 응용 프로그램 요청 때문에 I/O 작업이 취소되었습니다..
 ---> System.Net.Sockets.SocketException (995): 스레드 종료 또는 응용 프로그램 요청 때문에 I/O 작업이 취소되었습니다.
   --- End of inner exception stack trace ---
   at System.Net.Sockets.Socket.AwaitableSocketAsyncEventArgs.System.Threading.Tasks.Sources.IValueTaskSource<System.Int32>.GetResult(Int16 token)
   at System.Net.Security.SslStream.EnsureFullTlsFrameAsync[TIOAdapter](CancellationToken cancellationToken, Int32 estimatedSize)
   at System.Runtime.CompilerServices.PoolingAsyncValueTaskMethodBuilder`1.StateMachineBox`1.System.Threading.Tasks.Sources.IValueTaskSource<TResult>.GetResult(Int16 token)
   at System.Net.Security.SslStream.ReadAsyncInternal[TIOAdapter](Memory`1 buffer, CancellationToken cancellationToken)
   at System.Runtime.CompilerServices.PoolingAsyncValueTaskMethodBuilder`1.StateMachineBox`1.System.Threading.Tasks.Sources.IValueTaskSource<TResult>.GetResult(Int16 token)
   at System.Net.Http.HttpConnection.SendAsync(HttpRequestMessage request, Boolean async, CancellationToken cancellationToken)
   --- End of inner exception stack trace ---
   at System.Net.Http.HttpConnection.SendAsync(HttpRequestMessage request, Boolean async, CancellationToken cancellationToken)
   at System.Net.Http.AuthenticationHelper.SendWithNtAuthAsync(HttpRequestMessage request, Uri authUri, Boolean async, ICredentials credentials, Boolean isProxyAuth, HttpConnection connection, HttpConnectionPool connectionPool, CancellationToken cancellationToken)
   at System.Net.Http.HttpConnectionPool.SendWithVersionDetectionAndRetryAsync(HttpRequestMessage request, Boolean async, Boolean doRequestAuth, CancellationToken cancellationToken)
   at System.Net.Http.AuthenticationHelper.SendWithAuthAsync(HttpRequestMessage request, Uri authUri, Boolean async, ICredentials credentials, Boolean preAuthenticate, Boolean isProxyAuth, Boolean doRequestAuth, HttpConnectionPool pool, CancellationToken cancellationToken)
   at System.Net.Http.RedirectHandler.SendAsync(HttpRequestMessage request, Boolean async, CancellationToken cancellationToken)
   at GitHub.Services.Common.RawHttpMessageHandler.SendAsync(HttpRequestMessage request, CancellationToken cancellationToken)
   at GitHub.Services.Common.VssHttpRetryMessageHandler.SendAsync(HttpRequestMessage request, CancellationToken cancellationToken)
   at System.Net.Http.HttpClient.<SendAsync>g__Core|83_0(HttpRequestMessage request, HttpCompletionOption completionOption, CancellationTokenSource cts, Boolean disposeCts, CancellationTokenSource pendingRequestsCts, CancellationToken originalCancellationToken)
[2026-04-08 13:09:01Z ERR  BrokerServer] #####################################################
[2026-04-08 13:09:01Z ERR  BrokerServer] System.IO.IOException: Unable to read data from the transport connection: 스레드 종료 또는 응용 프로그램 요청 때문에 I/O 작업이 취소되었습니다..
 ---> System.Net.Sockets.SocketException (995): 스레드 종료 또는 응용 프로그램 요청 때문에 I/O 작업이 취소되었습니다.
   --- End of inner exception stack trace ---
   at System.Net.Sockets.Socket.AwaitableSocketAsyncEventArgs.System.Threading.Tasks.Sources.IValueTaskSource<System.Int32>.GetResult(Int16 token)
   at System.Net.Security.SslStream.EnsureFullTlsFrameAsync[TIOAdapter](CancellationToken cancellationToken, Int32 estimatedSize)
   at System.Runtime.CompilerServices.PoolingAsyncValueTaskMethodBuilder`1.StateMachineBox`1.System.Threading.Tasks.Sources.IValueTaskSource<TResult>.GetResult(Int16 token)
   at System.Net.Security.SslStream.ReadAsyncInternal[TIOAdapter](Memory`1 buffer, CancellationToken cancellationToken)
   at System.Runtime.CompilerServices.PoolingAsyncValueTaskMethodBuilder`1.StateMachineBox`1.System.Threading.Tasks.Sources.IValueTaskSource<TResult>.GetResult(Int16 token)
   at System.Net.Http.HttpConnection.SendAsync(HttpRequestMessage request, Boolean async, CancellationToken cancellationToken)
[2026-04-08 13:09:01Z ERR  BrokerServer] #####################################################
[2026-04-08 13:09:01Z ERR  BrokerServer] System.Net.Sockets.SocketException (995): 스레드 종료 또는 응용 프로그램 요청 때문에 I/O 작업이 취소되었습니다.
[2026-04-08 13:09:01Z WARN BrokerServer] Back off 9.017 seconds before next retry. 4 attempt left.
[2026-04-08 13:09:01Z INFO BrokerMessageListener] Get messages has been cancelled using local token source. Continue to get messages with new status.
[2026-04-08 13:12:42Z INFO BrokerMessageListener] Acknowledging runner request 'c0be0f98-565b-5ee0-b574-ad2e3f2c7a19'.
[2026-04-08 13:12:42Z INFO ConfigurationStore] HasCredentials()
[2026-04-08 13:12:42Z INFO ConfigurationStore] stored True
[2026-04-08 13:12:42Z INFO CredentialManager] GetCredentialProvider
[2026-04-08 13:12:42Z INFO CredentialManager] Creating type OAuth
[2026-04-08 13:12:42Z INFO CredentialManager] Creating credential type: OAuth
[2026-04-08 13:12:42Z INFO RSAEncryptedFileKeyManager] Loading RSA key parameters from file C:\Users\user\OneDrive\바탕 화면\at-dog-api\.credentials_rsaparams
[2026-04-08 13:12:42Z INFO RSAEncryptedFileKeyManager] Loading RSA key parameters from file C:\Users\user\OneDrive\바탕 화면\at-dog-api\.credentials_rsaparams
[2026-04-08 13:12:42Z INFO RSAEncryptedFileKeyManager] Loading RSA key parameters from file C:\Users\user\OneDrive\바탕 화면\at-dog-api\.credentials_rsaparams
[2026-04-08 13:12:43Z INFO GitHubActionsService] AAD Correlation ID for this token request: Unknown
[2026-04-08 13:12:45Z INFO JobDispatcher] Job request 0 for plan 218eb51b-ded2-4045-9079-83d9875061e8 job c0be0f98-565b-5ee0-b574-ad2e3f2c7a19 received.
[2026-04-08 13:12:45Z INFO JobDispatcher] Pull OrchestrationId 218eb51b-ded2-4045-9079-83d9875061e8.deploy.__default from JWT claims
[2026-04-08 13:12:45Z INFO BrokerMessageListener] Received job status event. JobState: Busy
[2026-04-08 13:12:45Z INFO BrokerMessageListener] _getMessagesTokenSource is already disposed.
[2026-04-08 13:12:45Z INFO JobDispatcher] Job request 445ae2bf-57f9-52b9-b743-916f1f1cc265 processed succeed.
[2026-04-08 13:12:45Z INFO Terminal] WRITE LINE: 2026-04-08 13:12:45Z: Running job: deploy
[2026-04-08 13:12:45Z INFO JobDispatcher] Start renew job request 0 for job c0be0f98-565b-5ee0-b574-ad2e3f2c7a19.
[2026-04-08 13:12:46Z INFO JobDispatcher] Successfully renew job c0be0f98-565b-5ee0-b574-ad2e3f2c7a19, job is valid till 2026-04-08 오후 1:22:45
[2026-04-08 13:12:46Z INFO HostContext] Well known directory 'Bin': 'C:\Users\user\OneDrive\바탕 화면\at-dog-api\bin'
[2026-04-08 13:12:46Z INFO ProcessInvokerWrapper] Starting process:
[2026-04-08 13:12:46Z INFO ProcessInvokerWrapper]   File name: 'C:\Users\user\OneDrive\바탕 화면\at-dog-api\bin\Runner.Worker.exe'
[2026-04-08 13:12:46Z INFO ProcessInvokerWrapper]   Arguments: 'spawnclient 2056 2348'
[2026-04-08 13:12:46Z INFO ProcessInvokerWrapper]   Working directory: 'C:\Users\user\OneDrive\바탕 화면\at-dog-api\bin'
[2026-04-08 13:12:46Z INFO ProcessInvokerWrapper]   Require exit code zero: 'False'
[2026-04-08 13:12:46Z INFO ProcessInvokerWrapper]   Encoding web name:  ; code page: ''
[2026-04-08 13:12:46Z INFO ProcessInvokerWrapper]   Force kill process on cancellation: 'True'
[2026-04-08 13:12:46Z INFO ProcessInvokerWrapper]   Redirected STDIN: 'False'
[2026-04-08 13:12:46Z INFO ProcessInvokerWrapper]   Persist current code page: 'False'
[2026-04-08 13:12:46Z INFO ProcessInvokerWrapper]   Keep redirected STDIN open: 'False'
[2026-04-08 13:12:46Z INFO ProcessInvokerWrapper]   High priority process: 'True'
[2026-04-08 13:12:46Z INFO ProcessInvokerWrapper] Process started with process id 7140, waiting for process exit.
[2026-04-08 13:12:46Z INFO JobDispatcher] Send job request message to worker for job c0be0f98-565b-5ee0-b574-ad2e3f2c7a19.
[2026-04-08 13:12:46Z INFO ProcessChannel] Sending message of length 21666, with hash '66abe0c259481b83ff5b50b9dd82d688db474cb3139f2be1ea99da17540e535f'
[2026-04-08 13:12:46Z INFO JobNotification] Entering JobStarted Notification
[2026-04-08 13:12:46Z INFO JobNotification] Entering StartMonitor
[2026-04-08 13:13:14Z INFO ProcessInvokerWrapper] STDOUT/STDERR stream read finished.
[2026-04-08 13:13:14Z INFO ProcessInvokerWrapper] STDOUT/STDERR stream read finished.
[2026-04-08 13:13:15Z INFO ProcessInvokerWrapper] Finished process 7140 with exit code 100, and elapsed time 00:00:28.9360762.
[2026-04-08 13:13:15Z INFO JobDispatcher] Worker finished for job c0be0f98-565b-5ee0-b574-ad2e3f2c7a19. Code: 100
[2026-04-08 13:13:15Z INFO JobDispatcher] finish job request for job c0be0f98-565b-5ee0-b574-ad2e3f2c7a19 with result: Succeeded
[2026-04-08 13:13:15Z INFO Terminal] WRITE LINE: 2026-04-08 13:13:15Z: Job deploy completed with result: Succeeded
[2026-04-08 13:13:15Z INFO JobDispatcher] Stop renew job request for job c0be0f98-565b-5ee0-b574-ad2e3f2c7a19.
[2026-04-08 13:13:15Z INFO JobDispatcher] job renew has been cancelled, stop renew job c0be0f98-565b-5ee0-b574-ad2e3f2c7a19.
[2026-04-08 13:13:15Z INFO JobNotification] Entering JobCompleted Notification
[2026-04-08 13:13:15Z INFO JobNotification] Entering EndMonitor
[2026-04-08 13:13:15Z INFO BrokerMessageListener] Received job status event. JobState: Online
[2026-04-08 13:13:15Z WARN GitHubActionsService] GET request to https://broker.actions.githubusercontent.com/message?sessionId=dbf36343-2ea6-4240-bbd0-4e0378508961&status=Busy&runnerVersion=2.333.1&os=Windows&architecture=X64&disableUpdate=false has been cancelled.
[2026-04-08 13:13:15Z ERR  BrokerServer] Catch exception during request
[2026-04-08 13:13:15Z ERR  BrokerServer] System.Threading.Tasks.TaskCanceledException: The operation was canceled.
 ---> System.Threading.Tasks.TaskCanceledException: The operation was canceled.
 ---> System.IO.IOException: Unable to read data from the transport connection: 스레드 종료 또는 응용 프로그램 요청 때문에 I/O 작업이 취소되었습니다..
 ---> System.Net.Sockets.SocketException (995): 스레드 종료 또는 응용 프로그램 요청 때문에 I/O 작업이 취소되었습니다.
   --- End of inner exception stack trace ---
   at System.Net.Sockets.Socket.AwaitableSocketAsyncEventArgs.System.Threading.Tasks.Sources.IValueTaskSource<System.Int32>.GetResult(Int16 token)
   at System.Net.Security.SslStream.EnsureFullTlsFrameAsync[TIOAdapter](CancellationToken cancellationToken, Int32 estimatedSize)
   at System.Runtime.CompilerServices.PoolingAsyncValueTaskMethodBuilder`1.StateMachineBox`1.System.Threading.Tasks.Sources.IValueTaskSource<TResult>.GetResult(Int16 token)
   at System.Net.Security.SslStream.ReadAsyncInternal[TIOAdapter](Memory`1 buffer, CancellationToken cancellationToken)
   at System.Runtime.CompilerServices.PoolingAsyncValueTaskMethodBuilder`1.StateMachineBox`1.System.Threading.Tasks.Sources.IValueTaskSource<TResult>.GetResult(Int16 token)
   at System.Net.Http.HttpConnection.SendAsync(HttpRequestMessage request, Boolean async, CancellationToken cancellationToken)
   --- End of inner exception stack trace ---
   at System.Net.Http.HttpConnection.SendAsync(HttpRequestMessage request, Boolean async, CancellationToken cancellationToken)
   at System.Net.Http.AuthenticationHelper.SendWithNtAuthAsync(HttpRequestMessage request, Uri authUri, Boolean async, ICredentials credentials, Boolean isProxyAuth, HttpConnection connection, HttpConnectionPool connectionPool, CancellationToken cancellationToken)
   at System.Net.Http.HttpConnectionPool.SendWithVersionDetectionAndRetryAsync(HttpRequestMessage request, Boolean async, Boolean doRequestAuth, CancellationToken cancellationToken)
   at System.Net.Http.AuthenticationHelper.SendWithAuthAsync(HttpRequestMessage request, Uri authUri, Boolean async, ICredentials credentials, Boolean preAuthenticate, Boolean isProxyAuth, Boolean doRequestAuth, HttpConnectionPool pool, CancellationToken cancellationToken)
   at System.Net.Http.RedirectHandler.SendAsync(HttpRequestMessage request, Boolean async, CancellationToken cancellationToken)
   at GitHub.Services.Common.RawHttpMessageHandler.SendAsync(HttpRequestMessage request, CancellationToken cancellationToken)
   at GitHub.Services.Common.VssHttpRetryMessageHandler.SendAsync(HttpRequestMessage request, CancellationToken cancellationToken)
   at System.Net.Http.HttpClient.<SendAsync>g__Core|83_0(HttpRequestMessage request, HttpCompletionOption completionOption, CancellationTokenSource cts, Boolean disposeCts, CancellationTokenSource pendingRequestsCts, CancellationToken originalCancellationToken)
   --- End of inner exception stack trace ---
   at System.Net.Http.HttpClient.HandleFailure(Exception e, Boolean telemetryStarted, HttpResponseMessage response, CancellationTokenSource cts, CancellationToken cancellationToken, CancellationTokenSource pendingRequestsCts)
   at System.Net.Http.HttpClient.<SendAsync>g__Core|83_0(HttpRequestMessage request, HttpCompletionOption completionOption, CancellationTokenSource cts, Boolean disposeCts, CancellationTokenSource pendingRequestsCts, CancellationToken originalCancellationToken)
   at Sdk.WebApi.WebApi.RawHttpClientBase.SendAsync(HttpRequestMessage message, HttpCompletionOption completionOption, Object userState, CancellationToken cancellationToken)
   at Sdk.WebApi.WebApi.RawHttpClientBase.SendAsync[T](HttpRequestMessage message, Boolean readErrorBody, Object userState, CancellationToken cancellationToken)
   at Sdk.WebApi.WebApi.RawHttpClientBase.SendAsync[T](HttpMethod method, IEnumerable`1 additionalHeaders, Uri requestUri, HttpContent content, IEnumerable`1 queryParameters, Boolean readErrorBody, Object userState, CancellationToken cancellationToken)
   at GitHub.Actions.RunService.WebApi.BrokerHttpClient.GetRunnerMessageAsync(Nullable`1 sessionId, String runnerVersion, Nullable`1 status, String os, String architecture, Nullable`1 disableUpdate, CancellationToken cancellationToken)
   at GitHub.Runner.Common.BrokerServer.<>c__DisplayClass7_0.<<GetRunnerMessageAsync>b__0>d.MoveNext()
--- End of stack trace from previous location ---
   at GitHub.Runner.Common.RunnerService.RetryRequest[T](Func`1 func, CancellationToken cancellationToken, Int32 maxAttempts, Func`2 shouldRetry)
[2026-04-08 13:13:15Z ERR  BrokerServer] #####################################################
[2026-04-08 13:13:15Z ERR  BrokerServer] System.Threading.Tasks.TaskCanceledException: The operation was canceled.
 ---> System.IO.IOException: Unable to read data from the transport connection: 스레드 종료 또는 응용 프로그램 요청 때문에 I/O 작업이 취소되었습니다..
 ---> System.Net.Sockets.SocketException (995): 스레드 종료 또는 응용 프로그램 요청 때문에 I/O 작업이 취소되었습니다.
   --- End of inner exception stack trace ---
   at System.Net.Sockets.Socket.AwaitableSocketAsyncEventArgs.System.Threading.Tasks.Sources.IValueTaskSource<System.Int32>.GetResult(Int16 token)
   at System.Net.Security.SslStream.EnsureFullTlsFrameAsync[TIOAdapter](CancellationToken cancellationToken, Int32 estimatedSize)
   at System.Runtime.CompilerServices.PoolingAsyncValueTaskMethodBuilder`1.StateMachineBox`1.System.Threading.Tasks.Sources.IValueTaskSource<TResult>.GetResult(Int16 token)
   at System.Net.Security.SslStream.ReadAsyncInternal[TIOAdapter](Memory`1 buffer, CancellationToken cancellationToken)
   at System.Runtime.CompilerServices.PoolingAsyncValueTaskMethodBuilder`1.StateMachineBox`1.System.Threading.Tasks.Sources.IValueTaskSource<TResult>.GetResult(Int16 token)
   at System.Net.Http.HttpConnection.SendAsync(HttpRequestMessage request, Boolean async, CancellationToken cancellationToken)
   --- End of inner exception stack trace ---
   at System.Net.Http.HttpConnection.SendAsync(HttpRequestMessage request, Boolean async, CancellationToken cancellationToken)
   at System.Net.Http.AuthenticationHelper.SendWithNtAuthAsync(HttpRequestMessage request, Uri authUri, Boolean async, ICredentials credentials, Boolean isProxyAuth, HttpConnection connection, HttpConnectionPool connectionPool, CancellationToken cancellationToken)
   at System.Net.Http.HttpConnectionPool.SendWithVersionDetectionAndRetryAsync(HttpRequestMessage request, Boolean async, Boolean doRequestAuth, CancellationToken cancellationToken)
   at System.Net.Http.AuthenticationHelper.SendWithAuthAsync(HttpRequestMessage request, Uri authUri, Boolean async, ICredentials credentials, Boolean preAuthenticate, Boolean isProxyAuth, Boolean doRequestAuth, HttpConnectionPool pool, CancellationToken cancellationToken)
   at System.Net.Http.RedirectHandler.SendAsync(HttpRequestMessage request, Boolean async, CancellationToken cancellationToken)
   at GitHub.Services.Common.RawHttpMessageHandler.SendAsync(HttpRequestMessage request, CancellationToken cancellationToken)
   at GitHub.Services.Common.VssHttpRetryMessageHandler.SendAsync(HttpRequestMessage request, CancellationToken cancellationToken)
   at System.Net.Http.HttpClient.<SendAsync>g__Core|83_0(HttpRequestMessage request, HttpCompletionOption completionOption, CancellationTokenSource cts, Boolean disposeCts, CancellationTokenSource pendingRequestsCts, CancellationToken originalCancellationToken)
[2026-04-08 13:13:15Z ERR  BrokerServer] #####################################################
[2026-04-08 13:13:15Z ERR  BrokerServer] System.IO.IOException: Unable to read data from the transport connection: 스레드 종료 또는 응용 프로그램 요청 때문에 I/O 작업이 취소되었습니다..
 ---> System.Net.Sockets.SocketException (995): 스레드 종료 또는 응용 프로그램 요청 때문에 I/O 작업이 취소되었습니다.
   --- End of inner exception stack trace ---
   at System.Net.Sockets.Socket.AwaitableSocketAsyncEventArgs.System.Threading.Tasks.Sources.IValueTaskSource<System.Int32>.GetResult(Int16 token)
   at System.Net.Security.SslStream.EnsureFullTlsFrameAsync[TIOAdapter](CancellationToken cancellationToken, Int32 estimatedSize)
   at System.Runtime.CompilerServices.PoolingAsyncValueTaskMethodBuilder`1.StateMachineBox`1.System.Threading.Tasks.Sources.IValueTaskSource<TResult>.GetResult(Int16 token)
   at System.Net.Security.SslStream.ReadAsyncInternal[TIOAdapter](Memory`1 buffer, CancellationToken cancellationToken)
   at System.Runtime.CompilerServices.PoolingAsyncValueTaskMethodBuilder`1.StateMachineBox`1.System.Threading.Tasks.Sources.IValueTaskSource<TResult>.GetResult(Int16 token)
   at System.Net.Http.HttpConnection.SendAsync(HttpRequestMessage request, Boolean async, CancellationToken cancellationToken)
[2026-04-08 13:13:15Z ERR  BrokerServer] #####################################################
[2026-04-08 13:13:15Z ERR  BrokerServer] System.Net.Sockets.SocketException (995): 스레드 종료 또는 응용 프로그램 요청 때문에 I/O 작업이 취소되었습니다.
[2026-04-08 13:13:15Z WARN BrokerServer] Back off 7.372 seconds before next retry. 4 attempt left.
[2026-04-08 13:13:15Z INFO BrokerMessageListener] Get messages has been cancelled using local token source. Continue to get messages with new status.
